






Started logging.

>>>
Content-Length: 2160

{"method":"initialize","params":{"processId":1976,"rootPath":"C:\\Users\\NEXT\\AppData\\Local\\Temp\\arduino-language-server561124399\\sketch","rootUri":"file:///C:/Users/NEXT/AppData/Local/Temp/arduino-language-server561124399/sketch","clientInfo":{"name":"vscode","version":"1.50.0"},"trace":"off","initializationOptions":{},"capabilities":{"workspace":{"workspaceEdit":{"documentChanges":true,"resourceOperations":["create","rename","delete"]},"applyEdit":true,"symbol":{"symbolKind":{"valueSet":[1,2,3,4,5,6,7,8,9,10,11,12,13,14,15,16,17,18,19,20,21,22,23,24,25,26]}},"executeCommand":{"dynamicRegistration":true},"didChangeWatchedFiles":{"dynamicRegistration":true},"workspaceFolders":true,"configuration":true},"textDocument":{"declaration":{"linkSupport":true},"definition":{"linkSupport":true},"implementation":{"linkSupport":true,"dynamicRegistration":true},"typeDefinition":{"linkSupport":true},"synchronization":{"willSave":true,"didSave":true,"willSaveWaitUntil":true},"documentSymbol":{"symbolKind":{"valueSet":[1,2,3,4,5,6,7,8,9,10,11,12,13,14,15,16,17,18,19,20,21,22,23,24,25,26]},"hierarchicalDocumentSymbolSupport":true},"formatting":{"dynamicRegistration":true},"rangeFormatting":{"dynamicRegistration":true},"rename":{"dynamicRegistration":true,"prepareSupport":true},"codeAction":{"dynamicRegistration":true,"isPreferredSupport":true,"codeActionLiteralSupport":{"codeActionKind":{"valueSet":["","quickfix","refactor","refactor.extract","refactor.inline","refactor.rewrite","source","source.organizeImports"]}}},"completion":{"completionItem":{"documentationFormat":["markdown","plaintext"],"snippetSupport":true},"completionItemKind":{"valueSet":[1,2,3,4,5,6,7,8,9,10,11,12,13,14,15,16,17,18,19,20,21,22,23,24,25]},"contextSupport":true},"signatureHelp":{"signatureInformation":{"parameterInformation":{"labelOffsetSupport":true}}},"documentLink":{"dynamicRegistration":true,"tooltipSupport":true},"hover":{"contentFormat":["markdown","plaintext"]},"foldingRange":{"dynamicRegistration":true,"rangeLimit":5000,"lineFoldingOnly":true},"colorProvider":{"dynamicRegistration":true}},"window":{"workDoneProgress":true}}},"id":0,"jsonrpc":"2.0"}
<<<
Content-Length: 1671

{"id":0,"jsonrpc":"2.0","result":{"capabilities":{"astProvider":true,"callHierarchyProvider":true,"codeActionProvider":{"codeActionKinds":["quickfix","refactor","info"]},"compilationDatabase":{"automaticReload":true},"completionProvider":{"allCommitCharacters":[" ","\t","(",")","[","]","{","}","<",">",":",";",",","+","-","/","*","%","^","&","#","?",".","=","\"","'","|"],"resolveProvider":false,"triggerCharacters":[".","<",">",":","\"","/"]},"declarationProvider":true,"definitionProvider":true,"documentFormattingProvider":true,"documentHighlightProvider":true,"documentLinkProvider":{"resolveProvider":false},"documentOnTypeFormattingProvider":{"firstTriggerCharacter":"\n","moreTriggerCharacter":[]},"documentRangeFormattingProvider":true,"documentSymbolProvider":true,"executeCommandProvider":{"commands":["clangd.applyFix","clangd.applyTweak"]},"hoverProvider":true,"implementationProvider":true,"memoryUsageProvider":true,"referencesProvider":true,"renameProvider":{"prepareProvider":true},"selectionRangeProvider":true,"semanticTokensProvider":{"full":{"delta":true},"legend":{"tokenModifiers":[],"tokenTypes":["variable","variable","parameter","function","method","function","property","variable","class","enum","enumMember","type","dependent","dependent","namespace","typeParameter","concept","type","macro","comment"]},"range":false},"signatureHelpProvider":{"triggerCharacters":["(",","]},"textDocumentSync":{"change":2,"openClose":true,"save":true},"typeHierarchyProvider":true,"workspaceSymbolProvider":true},"serverInfo":{"name":"clangd","version":"clangd version 12.0.0 (https://github.com/llvm/llvm-project e841bd5f335864b8c4d81cbf4df08460ef39f2ae)"}}}
>>>
Content-Length: 52

{"method":"initialized","params":{},"jsonrpc":"2.0"}Content-Length: 1018

{"method":"textDocument/didOpen","params":{"textDocument":{"uri":"file:///C:/Users/NEXT/AppData/Local/Temp/arduino-language-server561124399/sketch/sketch_jun14a.ino.cpp","languageId":"cpp","version":1,"text":"#include \u003cArduino.h\u003e\n#line 1 \"C:\\\\Users\\\\NEXT\\\\AppData\\\\Local\\\\Temp\\\\.arduinoIDE-unsaved2021514-2216-1t5w1sb.jw5m\\\\sketch_jun14a\\\\sketch_jun14a.ino\"\n#line 1 \"C:\\\\Users\\\\NEXT\\\\AppData\\\\Local\\\\Temp\\\\.arduinoIDE-unsaved2021514-2216-1t5w1sb.jw5m\\\\sketch_jun14a\\\\sketch_jun14a.ino\"\nvoid setup();\n#line 6 \"C:\\\\Users\\\\NEXT\\\\AppData\\\\Local\\\\Temp\\\\.arduinoIDE-unsaved2021514-2216-1t5w1sb.jw5m\\\\sketch_jun14a\\\\sketch_jun14a.ino\"\nvoid loop();\n#line 1 \"C:\\\\Users\\\\NEXT\\\\AppData\\\\Local\\\\Temp\\\\.arduinoIDE-unsaved2021514-2216-1t5w1sb.jw5m\\\\sketch_jun14a\\\\sketch_jun14a.ino\"\nvoid setup() {\n  // put your setup code here, to run once:\n\n}\n\nvoid loop() {\n  // put your main code here, to run repeatedly:\n\n}\n\n"}},"jsonrpc":"2.0"}Content-Length: 202

{"method":"textDocument/documentSymbol","params":{"textDocument":{"uri":"file:///C:/Users/NEXT/AppData/Local/Temp/arduino-language-server561124399/sketch/sketch_jun14a.ino.cpp"}},"id":1,"jsonrpc":"2.0"}Content-Length: 301

{"method":"textDocument/codeAction","params":{"textDocument":{"uri":"file:///C:/Users/NEXT/AppData/Local/Temp/arduino-language-server561124399/sketch/sketch_jun14a.ino.cpp"},"range":{"start":{"line":7,"character":0},"end":{"line":7,"character":0}},"context":{"diagnostics":[]}},"id":2,"jsonrpc":"2.0"}
<<<
Content-Length: 111

{"id":0,"jsonrpc":"2.0","method":"window/workDoneProgress/create","params":{"token":"backgroundIndexProgress"}}
>>>
Content-Length: 38

{"id":0,"result":null,"jsonrpc":"2.0"}
<<<
Content-Length: 143

{"jsonrpc":"2.0","method":"$/progress","params":{"token":"backgroundIndexProgress","value":{"kind":"begin","percentage":0,"title":"indexing"}}}Content-Length: 159

{"jsonrpc":"2.0","method":"$/progress","params":{"token":"backgroundIndexProgress","value":{"kind":"report","message":"1/27","percentage":3.7037037037037037}}}Content-Length: 211

{"jsonrpc":"2.0","method":"textDocument/publishDiagnostics","params":{"diagnostics":[],"uri":"file:///C:/Users/NEXT/AppData/Local/Temp/arduino-language-server561124399/sketch/sketch_jun14a.ino.cpp","version":1}}Content-Length: 778

{"id":1,"jsonrpc":"2.0","result":[{"kind":12,"name":"setup","range":{"end":{"character":12,"line":3},"start":{"character":0,"line":3}},"selectionRange":{"end":{"character":10,"line":3},"start":{"character":5,"line":3}}},{"kind":12,"name":"loop","range":{"end":{"character":11,"line":5},"start":{"character":0,"line":5}},"selectionRange":{"end":{"character":9,"line":5},"start":{"character":5,"line":5}}},{"kind":12,"name":"setup","range":{"end":{"character":1,"line":10},"start":{"character":0,"line":7}},"selectionRange":{"end":{"character":10,"line":7},"start":{"character":5,"line":7}}},{"kind":12,"name":"loop","range":{"end":{"character":1,"line":15},"start":{"character":0,"line":12}},"selectionRange":{"end":{"character":9,"line":12},"start":{"character":5,"line":12}}}]}Content-Length: 36

{"id":2,"jsonrpc":"2.0","result":[]}Content-Length: 159

{"jsonrpc":"2.0","method":"$/progress","params":{"token":"backgroundIndexProgress","value":{"kind":"report","message":"2/27","percentage":7.4074074074074074}}}Content-Length: 159

{"jsonrpc":"2.0","method":"$/progress","params":{"token":"backgroundIndexProgress","value":{"kind":"report","message":"2/27","percentage":7.4074074074074074}}}Content-Length: 159

{"jsonrpc":"2.0","method":"$/progress","params":{"token":"backgroundIndexProgress","value":{"kind":"report","message":"3/27","percentage":11.111111111111111}}}Content-Length: 159

{"jsonrpc":"2.0","method":"$/progress","params":{"token":"backgroundIndexProgress","value":{"kind":"report","message":"3/27","percentage":11.111111111111111}}}Content-Length: 159

{"jsonrpc":"2.0","method":"$/progress","params":{"token":"backgroundIndexProgress","value":{"kind":"report","message":"4/27","percentage":14.814814814814815}}}Content-Length: 159

{"jsonrpc":"2.0","method":"$/progress","params":{"token":"backgroundIndexProgress","value":{"kind":"report","message":"4/27","percentage":14.814814814814815}}}Content-Length: 159

{"jsonrpc":"2.0","method":"$/progress","params":{"token":"backgroundIndexProgress","value":{"kind":"report","message":"5/27","percentage":18.518518518518519}}}Content-Length: 159

{"jsonrpc":"2.0","method":"$/progress","params":{"token":"backgroundIndexProgress","value":{"kind":"report","message":"5/27","percentage":18.518518518518519}}}Content-Length: 159

{"jsonrpc":"2.0","method":"$/progress","params":{"token":"backgroundIndexProgress","value":{"kind":"report","message":"6/27","percentage":22.222222222222221}}}Content-Length: 159

{"jsonrpc":"2.0","method":"$/progress","params":{"token":"backgroundIndexProgress","value":{"kind":"report","message":"6/27","percentage":22.222222222222221}}}Content-Length: 159

{"jsonrpc":"2.0","method":"$/progress","params":{"token":"backgroundIndexProgress","value":{"kind":"report","message":"7/27","percentage":25.925925925925927}}}Content-Length: 159

{"jsonrpc":"2.0","method":"$/progress","params":{"token":"backgroundIndexProgress","value":{"kind":"report","message":"7/27","percentage":25.925925925925927}}}Content-Length: 158

{"jsonrpc":"2.0","method":"$/progress","params":{"token":"backgroundIndexProgress","value":{"kind":"report","message":"8/27","percentage":29.62962962962963}}}Content-Length: 158

{"jsonrpc":"2.0","method":"$/progress","params":{"token":"backgroundIndexProgress","value":{"kind":"report","message":"8/27","percentage":29.62962962962963}}}Content-Length: 159

{"jsonrpc":"2.0","method":"$/progress","params":{"token":"backgroundIndexProgress","value":{"kind":"report","message":"9/27","percentage":33.333333333333336}}}Content-Length: 159

{"jsonrpc":"2.0","method":"$/progress","params":{"token":"backgroundIndexProgress","value":{"kind":"report","message":"9/27","percentage":33.333333333333336}}}Content-Length: 160

{"jsonrpc":"2.0","method":"$/progress","params":{"token":"backgroundIndexProgress","value":{"kind":"report","message":"10/27","percentage":37.037037037037038}}}Content-Length: 160

{"jsonrpc":"2.0","method":"$/progress","params":{"token":"backgroundIndexProgress","value":{"kind":"report","message":"10/27","percentage":37.037037037037038}}}Content-Length: 159

{"jsonrpc":"2.0","method":"$/progress","params":{"token":"backgroundIndexProgress","value":{"kind":"report","message":"11/27","percentage":40.74074074074074}}}Content-Length: 159

{"jsonrpc":"2.0","method":"$/progress","params":{"token":"backgroundIndexProgress","value":{"kind":"report","message":"11/27","percentage":40.74074074074074}}}Content-Length: 160

{"jsonrpc":"2.0","method":"$/progress","params":{"token":"backgroundIndexProgress","value":{"kind":"report","message":"12/27","percentage":44.444444444444443}}}Content-Length: 160

{"jsonrpc":"2.0","method":"$/progress","params":{"token":"backgroundIndexProgress","value":{"kind":"report","message":"12/27","percentage":44.444444444444443}}}Content-Length: 160

{"jsonrpc":"2.0","method":"$/progress","params":{"token":"backgroundIndexProgress","value":{"kind":"report","message":"13/27","percentage":48.148148148148145}}}Content-Length: 160

{"jsonrpc":"2.0","method":"$/progress","params":{"token":"backgroundIndexProgress","value":{"kind":"report","message":"13/27","percentage":48.148148148148145}}}Content-Length: 160

{"jsonrpc":"2.0","method":"$/progress","params":{"token":"backgroundIndexProgress","value":{"kind":"report","message":"14/27","percentage":51.851851851851855}}}Content-Length: 160

{"jsonrpc":"2.0","method":"$/progress","params":{"token":"backgroundIndexProgress","value":{"kind":"report","message":"14/27","percentage":51.851851851851855}}}Content-Length: 160

{"jsonrpc":"2.0","method":"$/progress","params":{"token":"backgroundIndexProgress","value":{"kind":"report","message":"15/27","percentage":55.555555555555557}}}Content-Length: 160

{"jsonrpc":"2.0","method":"$/progress","params":{"token":"backgroundIndexProgress","value":{"kind":"report","message":"15/27","percentage":55.555555555555557}}}Content-Length: 159

{"jsonrpc":"2.0","method":"$/progress","params":{"token":"backgroundIndexProgress","value":{"kind":"report","message":"16/27","percentage":59.25925925925926}}}Content-Length: 159

{"jsonrpc":"2.0","method":"$/progress","params":{"token":"backgroundIndexProgress","value":{"kind":"report","message":"16/27","percentage":59.25925925925926}}}Content-Length: 160

{"jsonrpc":"2.0","method":"$/progress","params":{"token":"backgroundIndexProgress","value":{"kind":"report","message":"17/27","percentage":62.962962962962962}}}Content-Length: 160

{"jsonrpc":"2.0","method":"$/progress","params":{"token":"backgroundIndexProgress","value":{"kind":"report","message":"17/27","percentage":62.962962962962962}}}Content-Length: 160

{"jsonrpc":"2.0","method":"$/progress","params":{"token":"backgroundIndexProgress","value":{"kind":"report","message":"18/27","percentage":66.666666666666671}}}Content-Length: 160

{"jsonrpc":"2.0","method":"$/progress","params":{"token":"backgroundIndexProgress","value":{"kind":"report","message":"18/27","percentage":66.666666666666671}}}Content-Length: 160

{"jsonrpc":"2.0","method":"$/progress","params":{"token":"backgroundIndexProgress","value":{"kind":"report","message":"19/27","percentage":70.370370370370367}}}Content-Length: 160

{"jsonrpc":"2.0","method":"$/progress","params":{"token":"backgroundIndexProgress","value":{"kind":"report","message":"19/27","percentage":70.370370370370367}}}Content-Length: 160

{"jsonrpc":"2.0","method":"$/progress","params":{"token":"backgroundIndexProgress","value":{"kind":"report","message":"20/27","percentage":74.074074074074076}}}Content-Length: 160

{"jsonrpc":"2.0","method":"$/progress","params":{"token":"backgroundIndexProgress","value":{"kind":"report","message":"20/27","percentage":74.074074074074076}}}Content-Length: 160

{"jsonrpc":"2.0","method":"$/progress","params":{"token":"backgroundIndexProgress","value":{"kind":"report","message":"21/27","percentage":77.777777777777771}}}Content-Length: 160

{"jsonrpc":"2.0","method":"$/progress","params":{"token":"backgroundIndexProgress","value":{"kind":"report","message":"21/27","percentage":77.777777777777771}}}Content-Length: 160

{"jsonrpc":"2.0","method":"$/progress","params":{"token":"backgroundIndexProgress","value":{"kind":"report","message":"22/27","percentage":81.481481481481481}}}Content-Length: 160

{"jsonrpc":"2.0","method":"$/progress","params":{"token":"backgroundIndexProgress","value":{"kind":"report","message":"22/27","percentage":81.481481481481481}}}Content-Length: 159

{"jsonrpc":"2.0","method":"$/progress","params":{"token":"backgroundIndexProgress","value":{"kind":"report","message":"23/27","percentage":85.18518518518519}}}Content-Length: 159

{"jsonrpc":"2.0","method":"$/progress","params":{"token":"backgroundIndexProgress","value":{"kind":"report","message":"23/27","percentage":85.18518518518519}}}Content-Length: 160

{"jsonrpc":"2.0","method":"$/progress","params":{"token":"backgroundIndexProgress","value":{"kind":"report","message":"24/27","percentage":88.888888888888886}}}Content-Length: 160

{"jsonrpc":"2.0","method":"$/progress","params":{"token":"backgroundIndexProgress","value":{"kind":"report","message":"25/27","percentage":92.592592592592595}}}Content-Length: 160

{"jsonrpc":"2.0","method":"$/progress","params":{"token":"backgroundIndexProgress","value":{"kind":"report","message":"26/27","percentage":96.296296296296291}}}Content-Length: 107

{"jsonrpc":"2.0","method":"$/progress","params":{"token":"backgroundIndexProgress","value":{"kind":"end"}}}
>>>
Content-Length: 302

{"method":"textDocument/codeAction","params":{"textDocument":{"uri":"file:///C:/Users/NEXT/AppData/Local/Temp/arduino-language-server561124399/sketch/sketch_jun14a.ino.cpp"},"range":{"start":{"line":7,"character":0},"end":{"line":16,"character":0}},"context":{"diagnostics":[]}},"id":3,"jsonrpc":"2.0"}
<<<
Content-Length: 36

{"id":3,"jsonrpc":"2.0","result":[]}
>>>
Content-Length: 229

{"method":"textDocument/hover","params":{"textDocument":{"uri":"file:///C:/Users/NEXT/AppData/Local/Temp/arduino-language-server561124399/sketch/sketch_jun14a.ino.cpp"},"position":{"line":7,"character":0}},"id":4,"jsonrpc":"2.0"}
<<<
Content-Length: 38

{"id":4,"jsonrpc":"2.0","result":null}
>>>
Content-Length: 234

{"method":"textDocument/definition","params":{"textDocument":{"uri":"file:///C:/Users/NEXT/AppData/Local/Temp/arduino-language-server561124399/sketch/sketch_jun14a.ino.cpp"},"position":{"line":7,"character":1}},"id":5,"jsonrpc":"2.0"}
<<<
Content-Length: 36

{"id":5,"jsonrpc":"2.0","result":[]}
>>>
Content-Length: 557

{"method":"textDocument/didChange","params":{"textDocument":{"uri":"file:///C:/Users/NEXT/AppData/Local/Temp/arduino-language-server561124399/sketch/sketch_jun14a.ino.cpp","version":2},"contentChanges":[{"range":{"start":{"line":7,"character":0},"end":{"line":16,"character":0}},"rangeLength":129,"text":"#include \u0026amp;amp;lt;Contador.h\u0026amp;amp;gt;\n  \n  void Contador::SetContador( int n)\n        {  N = n ;  }\n \n   void Contador::Incrementar()\n        {  N++ ; }\n  \n   int Contador::GetCont()\n        { return (N) ;}"}]},"jsonrpc":"2.0"}
<<<
Content-Length: 959

{"jsonrpc":"2.0","method":"textDocument/publishDiagnostics","params":{"diagnostics":[{"code":"pp_expects_filename","message":"Expected \"FILENAME\" or <FILENAME>","range":{"end":{"character":10,"line":7},"start":{"character":9,"line":7}},"severity":1,"source":"clang"},{"code":"undeclared_var_use","message":"Use of undeclared identifier 'Contador'","range":{"end":{"character":15,"line":9},"start":{"character":7,"line":9}},"severity":1,"source":"clang"},{"code":"undeclared_var_use","message":"Use of undeclared identifier 'Contador'","range":{"end":{"character":16,"line":12},"start":{"character":8,"line":12}},"severity":1,"source":"clang"},{"code":"undeclared_var_use","message":"Use of undeclared identifier 'Contador'","range":{"end":{"character":15,"line":15},"start":{"character":7,"line":15}},"severity":1,"source":"clang"}],"uri":"file:///C:/Users/NEXT/AppData/Local/Temp/arduino-language-server561124399/sketch/sketch_jun14a.ino.cpp","version":2}}
>>>
Content-Length: 305

{"method":"textDocument/codeAction","params":{"textDocument":{"uri":"file:///C:/Users/NEXT/AppData/Local/Temp/arduino-language-server561124399/sketch/sketch_jun14a.ino.cpp"},"range":{"start":{"line":16,"character":23},"end":{"line":16,"character":23}},"context":{"diagnostics":[]}},"id":6,"jsonrpc":"2.0"}
<<<
Content-Length: 36

{"id":6,"jsonrpc":"2.0","result":[]}
>>>
Content-Length: 202

{"method":"textDocument/documentSymbol","params":{"textDocument":{"uri":"file:///C:/Users/NEXT/AppData/Local/Temp/arduino-language-server561124399/sketch/sketch_jun14a.ino.cpp"}},"id":7,"jsonrpc":"2.0"}
<<<
Content-Length: 405

{"id":7,"jsonrpc":"2.0","result":[{"kind":12,"name":"setup","range":{"end":{"character":12,"line":3},"start":{"character":0,"line":3}},"selectionRange":{"end":{"character":10,"line":3},"start":{"character":5,"line":3}}},{"kind":12,"name":"loop","range":{"end":{"character":11,"line":5},"start":{"character":0,"line":5}},"selectionRange":{"end":{"character":9,"line":5},"start":{"character":5,"line":5}}}]}
>>>
Content-Length: 645

{"method":"textDocument/didChange","params":{"textDocument":{"uri":"file:///C:/Users/NEXT/AppData/Local/Temp/arduino-language-server561124399/sketch/sketch_jun14a.ino.cpp","version":3},"contentChanges":[{"text":"#include \u003cArduino.h\u003e\n#line 1 \"C:\\\\Users\\\\NEXT\\\\AppData\\\\Local\\\\Temp\\\\.arduinoIDE-unsaved2021514-2216-1t5w1sb.jw5m\\\\sketch_jun14a\\\\sketch_jun14a.ino\"\n#include \u0026amp;amp;lt;Contador.h\u0026amp;amp;gt;\n  \n  void Contador::SetContador( int n)\n        {  N = n ;  }\n \n   void Contador::Incrementar()\n        {  N++ ; }\n  \n   int Contador::GetCont()\n        { return (N) ;}\n"}]},"jsonrpc":"2.0"}
<<<
Content-Length: 957

{"jsonrpc":"2.0","method":"textDocument/publishDiagnostics","params":{"diagnostics":[{"code":"pp_expects_filename","message":"Expected \"FILENAME\" or <FILENAME>","range":{"end":{"character":10,"line":2},"start":{"character":9,"line":2}},"severity":1,"source":"clang"},{"code":"undeclared_var_use","message":"Use of undeclared identifier 'Contador'","range":{"end":{"character":15,"line":4},"start":{"character":7,"line":4}},"severity":1,"source":"clang"},{"code":"undeclared_var_use","message":"Use of undeclared identifier 'Contador'","range":{"end":{"character":16,"line":7},"start":{"character":8,"line":7}},"severity":1,"source":"clang"},{"code":"undeclared_var_use","message":"Use of undeclared identifier 'Contador'","range":{"end":{"character":15,"line":10},"start":{"character":7,"line":10}},"severity":1,"source":"clang"}],"uri":"file:///C:/Users/NEXT/AppData/Local/Temp/arduino-language-server561124399/sketch/sketch_jun14a.ino.cpp","version":3}}
>>>
Content-Length: 305

{"method":"textDocument/codeAction","params":{"textDocument":{"uri":"file:///C:/Users/NEXT/AppData/Local/Temp/arduino-language-server561124399/sketch/sketch_jun14a.ino.cpp"},"range":{"start":{"line":11,"character":23},"end":{"line":11,"character":23}},"context":{"diagnostics":[]}},"id":8,"jsonrpc":"2.0"}
<<<
Content-Length: 36

{"id":8,"jsonrpc":"2.0","result":[]}
>>>
Content-Length: 202

{"method":"textDocument/documentSymbol","params":{"textDocument":{"uri":"file:///C:/Users/NEXT/AppData/Local/Temp/arduino-language-server561124399/sketch/sketch_jun14a.ino.cpp"}},"id":9,"jsonrpc":"2.0"}
<<<
Content-Length: 36

{"id":9,"jsonrpc":"2.0","result":[]}
>>>
Content-Length: 218

{"method":"textDocument/didOpen","params":{"textDocument":{"uri":"file:///C:/Users/NEXT/AppData/Local/Temp/arduino-language-server561124399/sketch/contador.h","languageId":"cpp","version":1,"text":""}},"jsonrpc":"2.0"}
<<<
Content-Length: 111

{"id":1,"jsonrpc":"2.0","method":"window/workDoneProgress/create","params":{"token":"backgroundIndexProgress"}}
>>>
Content-Length: 38

{"id":1,"result":null,"jsonrpc":"2.0"}
<<<
Content-Length: 143

{"jsonrpc":"2.0","method":"$/progress","params":{"token":"backgroundIndexProgress","value":{"kind":"begin","percentage":0,"title":"indexing"}}}Content-Length: 107

{"jsonrpc":"2.0","method":"$/progress","params":{"token":"backgroundIndexProgress","value":{"kind":"end"}}}Content-Length: 200

{"jsonrpc":"2.0","method":"textDocument/publishDiagnostics","params":{"diagnostics":[],"uri":"file:///C:/Users/NEXT/AppData/Local/Temp/arduino-language-server561124399/sketch/contador.h","version":1}}
>>>
Content-Length: 669

{"method":"textDocument/didChange","params":{"textDocument":{"uri":"file:///C:/Users/NEXT/AppData/Local/Temp/arduino-language-server561124399/sketch/contador.h","version":2},"contentChanges":[{"range":{"start":{"line":0,"character":0},"end":{"line":0,"character":0}},"text":"class Contador\r\n   {  private:\r\n         int N ;\r\n \r\n      public:\r\n         Contador( ) ;                  // Constructor\r\n         void SetContador( int n) ;     // Declaracion de funcion externa\r\n         void Incrementar() ;           // Declaracion de funcion externa\r\n         int GetCont() ;                // Declaracion de funcion externa\r\n   } ;"}]},"jsonrpc":"2.0"}Content-Length: 291

{"method":"textDocument/codeAction","params":{"textDocument":{"uri":"file:///C:/Users/NEXT/AppData/Local/Temp/arduino-language-server561124399/sketch/contador.h"},"range":{"start":{"line":9,"character":6},"end":{"line":9,"character":6}},"context":{"diagnostics":[]}},"id":10,"jsonrpc":"2.0"}
<<<
Content-Length: 200

{"jsonrpc":"2.0","method":"textDocument/publishDiagnostics","params":{"diagnostics":[],"uri":"file:///C:/Users/NEXT/AppData/Local/Temp/arduino-language-server561124399/sketch/contador.h","version":2}}Content-Length: 37

{"id":10,"jsonrpc":"2.0","result":[]}
>>>
Content-Length: 177

{"method":"textDocument/didSave","params":{"textDocument":{"uri":"file:///C:/Users/NEXT/AppData/Local/Temp/arduino-language-server561124399/sketch/contador.h"}},"jsonrpc":"2.0"}
<<<
Content-Length: 946

{"jsonrpc":"2.0","method":"textDocument/publishDiagnostics","params":{"diagnostics":[{"code":"pp_file_not_found","message":"'Arduino.h' file not found","range":{"end":{"character":20,"line":0},"start":{"character":9,"line":0}},"severity":1,"source":"clang"},{"code":"undeclared_var_use","message":"Use of undeclared identifier 'Contador'","range":{"end":{"character":15,"line":4},"start":{"character":7,"line":4}},"severity":1,"source":"clang"},{"code":"undeclared_var_use","message":"Use of undeclared identifier 'Contador'","range":{"end":{"character":16,"line":7},"start":{"character":8,"line":7}},"severity":1,"source":"clang"},{"code":"undeclared_var_use","message":"Use of undeclared identifier 'Contador'","range":{"end":{"character":15,"line":10},"start":{"character":7,"line":10}},"severity":1,"source":"clang"}],"uri":"file:///C:/Users/NEXT/AppData/Local/Temp/arduino-language-server561124399/sketch/sketch_jun14a.ino.cpp","version":3}}
>>>
Content-Length: 306

{"method":"textDocument/codeAction","params":{"textDocument":{"uri":"file:///C:/Users/NEXT/AppData/Local/Temp/arduino-language-server561124399/sketch/sketch_jun14a.ino.cpp"},"range":{"start":{"line":11,"character":23},"end":{"line":11,"character":23}},"context":{"diagnostics":[]}},"id":11,"jsonrpc":"2.0"}
<<<
Content-Length: 37

{"id":11,"jsonrpc":"2.0","result":[]}
>>>
Content-Length: 203

{"method":"textDocument/documentSymbol","params":{"textDocument":{"uri":"file:///C:/Users/NEXT/AppData/Local/Temp/arduino-language-server561124399/sketch/sketch_jun14a.ino.cpp"}},"id":12,"jsonrpc":"2.0"}
<<<
Content-Length: 37

{"id":12,"jsonrpc":"2.0","result":[]}
>>>
Content-Length: 230

{"method":"textDocument/hover","params":{"textDocument":{"uri":"file:///C:/Users/NEXT/AppData/Local/Temp/arduino-language-server561124399/sketch/sketch_jun14a.ino.cpp"},"position":{"line":7,"character":5}},"id":13,"jsonrpc":"2.0"}
<<<
Content-Length: 39

{"id":13,"jsonrpc":"2.0","result":null}
>>>
Content-Length: 231

{"method":"textDocument/hover","params":{"textDocument":{"uri":"file:///C:/Users/NEXT/AppData/Local/Temp/arduino-language-server561124399/sketch/sketch_jun14a.ino.cpp"},"position":{"line":7,"character":27}},"id":14,"jsonrpc":"2.0"}
<<<
Content-Length: 39

{"id":14,"jsonrpc":"2.0","result":null}
>>>
Content-Length: 866

{"method":"textDocument/codeAction","params":{"textDocument":{"uri":"file:///C:/Users/NEXT/AppData/Local/Temp/arduino-language-server561124399/sketch/sketch_jun14a.ino.cpp"},"range":{"start":{"line":2,"character":0},"end":{"line":11,"character":23}},"context":{"diagnostics":[{"range":{"start":{"line":4,"character":7},"end":{"line":4,"character":15}},"severity":1,"code":"undeclared_var_use","source":"clang","message":"Use of undeclared identifier 'Contador'"},{"range":{"start":{"line":7,"character":8},"end":{"line":7,"character":16}},"severity":1,"code":"undeclared_var_use","source":"clang","message":"Use of undeclared identifier 'Contador'"},{"range":{"start":{"line":10,"character":7},"end":{"line":10,"character":15}},"severity":1,"code":"undeclared_var_use","source":"clang","message":"Use of undeclared identifier 'Contador'"}]}},"id":15,"jsonrpc":"2.0"}
<<<
Content-Length: 37

{"id":15,"jsonrpc":"2.0","result":[]}
>>>
Content-Length: 230

{"method":"textDocument/hover","params":{"textDocument":{"uri":"file:///C:/Users/NEXT/AppData/Local/Temp/arduino-language-server561124399/sketch/sketch_jun14a.ino.cpp"},"position":{"line":5,"character":7}},"id":16,"jsonrpc":"2.0"}
<<<
Content-Length: 39

{"id":16,"jsonrpc":"2.0","result":null}
>>>
Content-Length: 327

{"method":"textDocument/didChange","params":{"textDocument":{"uri":"file:///C:/Users/NEXT/AppData/Local/Temp/arduino-language-server561124399/sketch/sketch_jun14a.ino.cpp","version":4},"contentChanges":[{"range":{"start":{"line":2,"character":0},"end":{"line":11,"character":23}},"rangeLength":212,"text":""}]},"jsonrpc":"2.0"}
<<<
Content-Length: 383

{"jsonrpc":"2.0","method":"textDocument/publishDiagnostics","params":{"diagnostics":[{"code":"pp_file_not_found","message":"'Arduino.h' file not found","range":{"end":{"character":20,"line":0},"start":{"character":9,"line":0}},"severity":1,"source":"clang"}],"uri":"file:///C:/Users/NEXT/AppData/Local/Temp/arduino-language-server561124399/sketch/sketch_jun14a.ino.cpp","version":4}}
>>>
Content-Length: 414

{"method":"textDocument/didChange","params":{"textDocument":{"uri":"file:///C:/Users/NEXT/AppData/Local/Temp/arduino-language-server561124399/sketch/sketch_jun14a.ino.cpp","version":5},"contentChanges":[{"text":"#include \u003cArduino.h\u003e\n#line 1 \"C:\\\\Users\\\\NEXT\\\\AppData\\\\Local\\\\Temp\\\\.arduinoIDE-unsaved2021514-2216-1t5w1sb.jw5m\\\\sketch_jun14a\\\\sketch_jun14a.ino\"\n\n"}]},"jsonrpc":"2.0"}Content-Length: 220

{"method":"textDocument/didOpen","params":{"textDocument":{"uri":"file:///C:/Users/NEXT/AppData/Local/Temp/arduino-language-server561124399/sketch/contador.cpp","languageId":"cpp","version":1,"text":""}},"jsonrpc":"2.0"}Content-Length: 203

{"method":"textDocument/documentSymbol","params":{"textDocument":{"uri":"file:///C:/Users/NEXT/AppData/Local/Temp/arduino-language-server561124399/sketch/sketch_jun14a.ino.cpp"}},"id":17,"jsonrpc":"2.0"}
<<<
Content-Length: 37

{"id":17,"jsonrpc":"2.0","result":[]}Content-Length: 111

{"id":2,"jsonrpc":"2.0","method":"window/workDoneProgress/create","params":{"token":"backgroundIndexProgress"}}
>>>
Content-Length: 38

{"id":2,"result":null,"jsonrpc":"2.0"}
<<<
Content-Length: 143

{"jsonrpc":"2.0","method":"$/progress","params":{"token":"backgroundIndexProgress","value":{"kind":"begin","percentage":0,"title":"indexing"}}}Content-Length: 141

{"jsonrpc":"2.0","method":"$/progress","params":{"token":"backgroundIndexProgress","value":{"kind":"report","message":"0/1","percentage":0}}}Content-Length: 141

{"jsonrpc":"2.0","method":"$/progress","params":{"token":"backgroundIndexProgress","value":{"kind":"report","message":"0/1","percentage":0}}}Content-Length: 107

{"jsonrpc":"2.0","method":"$/progress","params":{"token":"backgroundIndexProgress","value":{"kind":"end"}}}Content-Length: 202

{"jsonrpc":"2.0","method":"textDocument/publishDiagnostics","params":{"diagnostics":[],"uri":"file:///C:/Users/NEXT/AppData/Local/Temp/arduino-language-server561124399/sketch/contador.cpp","version":1}}
>>>
Content-Length: 547

{"method":"textDocument/didChange","params":{"textDocument":{"uri":"file:///C:/Users/NEXT/AppData/Local/Temp/arduino-language-server561124399/sketch/contador.cpp","version":2},"contentChanges":[{"range":{"start":{"line":0,"character":0},"end":{"line":0,"character":0}},"text":"#include \u0026amp;amp;lt;Contador.h\u0026amp;amp;gt;\r\n  \r\n  void Contador::SetContador( int n)\r\n        {  N = n ;  }\r\n \r\n   void Contador::Incrementar()\r\n        {  N++ ; }\r\n  \r\n   int Contador::GetCont()\r\n        { return (N) ;}"}]},"jsonrpc":"2.0"}
<<<
Content-Length: 946

{"jsonrpc":"2.0","method":"textDocument/publishDiagnostics","params":{"diagnostics":[{"code":"pp_expects_filename","message":"Expected \"FILENAME\" or <FILENAME>","range":{"end":{"character":10,"line":0},"start":{"character":9,"line":0}},"severity":1,"source":"clang"},{"code":"undeclared_var_use","message":"Use of undeclared identifier 'Contador'","range":{"end":{"character":15,"line":2},"start":{"character":7,"line":2}},"severity":1,"source":"clang"},{"code":"undeclared_var_use","message":"Use of undeclared identifier 'Contador'","range":{"end":{"character":16,"line":5},"start":{"character":8,"line":5}},"severity":1,"source":"clang"},{"code":"undeclared_var_use","message":"Use of undeclared identifier 'Contador'","range":{"end":{"character":15,"line":8},"start":{"character":7,"line":8}},"severity":1,"source":"clang"}],"uri":"file:///C:/Users/NEXT/AppData/Local/Temp/arduino-language-server561124399/sketch/contador.cpp","version":2}}
>>>
Content-Length: 295

{"method":"textDocument/codeAction","params":{"textDocument":{"uri":"file:///C:/Users/NEXT/AppData/Local/Temp/arduino-language-server561124399/sketch/contador.cpp"},"range":{"start":{"line":9,"character":23},"end":{"line":9,"character":23}},"context":{"diagnostics":[]}},"id":18,"jsonrpc":"2.0"}
<<<
Content-Length: 37

{"id":18,"jsonrpc":"2.0","result":[]}
>>>
Content-Length: 179

{"method":"textDocument/didSave","params":{"textDocument":{"uri":"file:///C:/Users/NEXT/AppData/Local/Temp/arduino-language-server561124399/sketch/contador.cpp"}},"jsonrpc":"2.0"}Content-Length: 295

{"method":"textDocument/codeAction","params":{"textDocument":{"uri":"file:///C:/Users/NEXT/AppData/Local/Temp/arduino-language-server561124399/sketch/contador.cpp"},"range":{"start":{"line":9,"character":23},"end":{"line":9,"character":23}},"context":{"diagnostics":[]}},"id":19,"jsonrpc":"2.0"}
<<<
Content-Length: 37

{"id":19,"jsonrpc":"2.0","result":[]}Content-Length: 200

{"jsonrpc":"2.0","method":"textDocument/publishDiagnostics","params":{"diagnostics":[],"uri":"file:///C:/Users/NEXT/AppData/Local/Temp/arduino-language-server561124399/sketch/contador.h","version":2}}Content-Length: 211

{"jsonrpc":"2.0","method":"textDocument/publishDiagnostics","params":{"diagnostics":[],"uri":"file:///C:/Users/NEXT/AppData/Local/Temp/arduino-language-server561124399/sketch/sketch_jun14a.ino.cpp","version":5}}
>>>
Content-Length: 754

{"method":"textDocument/didChange","params":{"textDocument":{"uri":"file:///C:/Users/NEXT/AppData/Local/Temp/arduino-language-server561124399/sketch/sketch_jun14a.ino.cpp","version":6},"contentChanges":[{"range":{"start":{"line":2,"character":0},"end":{"line":2,"character":0}},"text":"class Contador\n   {  private:\n         int N ;\n \n      public:   \n         Contador( ) ;              // Constructor\n         Contador( int k ) ;        // Constructor\n         void SetContador( int n) ;\n         void Incrementar() ;\n         int GetCont() ;\n   } ;\n \nContador::Contador( )           // Constructor\n    { N = 0 ; }       \nContador::Contador( int k)         // Constructor\n    { N = k ; }   \n \nContador C1, C2(23) ;"}]},"jsonrpc":"2.0"}
<<<
Content-Length: 211

{"jsonrpc":"2.0","method":"textDocument/publishDiagnostics","params":{"diagnostics":[],"uri":"file:///C:/Users/NEXT/AppData/Local/Temp/arduino-language-server561124399/sketch/sketch_jun14a.ino.cpp","version":6}}
>>>
Content-Length: 306

{"method":"textDocument/codeAction","params":{"textDocument":{"uri":"file:///C:/Users/NEXT/AppData/Local/Temp/arduino-language-server561124399/sketch/sketch_jun14a.ino.cpp"},"range":{"start":{"line":19,"character":21},"end":{"line":19,"character":21}},"context":{"diagnostics":[]}},"id":20,"jsonrpc":"2.0"}
<<<
Content-Length: 37

{"id":20,"jsonrpc":"2.0","result":[]}
>>>
Content-Length: 232

{"method":"textDocument/hover","params":{"textDocument":{"uri":"file:///C:/Users/NEXT/AppData/Local/Temp/arduino-language-server561124399/sketch/sketch_jun14a.ino.cpp"},"position":{"line":16,"character":43}},"id":21,"jsonrpc":"2.0"}
<<<
Content-Length: 39

{"id":21,"jsonrpc":"2.0","result":null}
>>>
Content-Length: 177

{"method":"textDocument/didSave","params":{"textDocument":{"uri":"file:///C:/Users/NEXT/AppData/Local/Temp/arduino-language-server561124399/sketch/contador.h"}},"jsonrpc":"2.0"}Content-Length: 179

{"method":"textDocument/didSave","params":{"textDocument":{"uri":"file:///C:/Users/NEXT/AppData/Local/Temp/arduino-language-server561124399/sketch/contador.cpp"}},"jsonrpc":"2.0"}






Started logging.

>>>
Content-Length: 2160

{"method":"initialize","params":{"processId":8020,"rootPath":"C:\\Users\\NEXT\\AppData\\Local\\Temp\\arduino-language-server673516079\\sketch","rootUri":"file:///C:/Users/NEXT/AppData/Local/Temp/arduino-language-server673516079/sketch","clientInfo":{"name":"vscode","version":"1.50.0"},"trace":"off","initializationOptions":{},"capabilities":{"workspace":{"workspaceEdit":{"documentChanges":true,"resourceOperations":["create","rename","delete"]},"applyEdit":true,"symbol":{"symbolKind":{"valueSet":[1,2,3,4,5,6,7,8,9,10,11,12,13,14,15,16,17,18,19,20,21,22,23,24,25,26]}},"executeCommand":{"dynamicRegistration":true},"didChangeWatchedFiles":{"dynamicRegistration":true},"workspaceFolders":true,"configuration":true},"textDocument":{"declaration":{"linkSupport":true},"definition":{"linkSupport":true},"implementation":{"linkSupport":true,"dynamicRegistration":true},"typeDefinition":{"linkSupport":true},"synchronization":{"willSave":true,"didSave":true,"willSaveWaitUntil":true},"documentSymbol":{"symbolKind":{"valueSet":[1,2,3,4,5,6,7,8,9,10,11,12,13,14,15,16,17,18,19,20,21,22,23,24,25,26]},"hierarchicalDocumentSymbolSupport":true},"formatting":{"dynamicRegistration":true},"rangeFormatting":{"dynamicRegistration":true},"rename":{"dynamicRegistration":true,"prepareSupport":true},"codeAction":{"dynamicRegistration":true,"isPreferredSupport":true,"codeActionLiteralSupport":{"codeActionKind":{"valueSet":["","quickfix","refactor","refactor.extract","refactor.inline","refactor.rewrite","source","source.organizeImports"]}}},"completion":{"completionItem":{"documentationFormat":["markdown","plaintext"],"snippetSupport":true},"completionItemKind":{"valueSet":[1,2,3,4,5,6,7,8,9,10,11,12,13,14,15,16,17,18,19,20,21,22,23,24,25]},"contextSupport":true},"signatureHelp":{"signatureInformation":{"parameterInformation":{"labelOffsetSupport":true}}},"documentLink":{"dynamicRegistration":true,"tooltipSupport":true},"hover":{"contentFormat":["markdown","plaintext"]},"foldingRange":{"dynamicRegistration":true,"rangeLimit":5000,"lineFoldingOnly":true},"colorProvider":{"dynamicRegistration":true}},"window":{"workDoneProgress":true}}},"id":0,"jsonrpc":"2.0"}
<<<
Content-Length: 1671

{"id":0,"jsonrpc":"2.0","result":{"capabilities":{"astProvider":true,"callHierarchyProvider":true,"codeActionProvider":{"codeActionKinds":["quickfix","refactor","info"]},"compilationDatabase":{"automaticReload":true},"completionProvider":{"allCommitCharacters":[" ","\t","(",")","[","]","{","}","<",">",":",";",",","+","-","/","*","%","^","&","#","?",".","=","\"","'","|"],"resolveProvider":false,"triggerCharacters":[".","<",">",":","\"","/"]},"declarationProvider":true,"definitionProvider":true,"documentFormattingProvider":true,"documentHighlightProvider":true,"documentLinkProvider":{"resolveProvider":false},"documentOnTypeFormattingProvider":{"firstTriggerCharacter":"\n","moreTriggerCharacter":[]},"documentRangeFormattingProvider":true,"documentSymbolProvider":true,"executeCommandProvider":{"commands":["clangd.applyFix","clangd.applyTweak"]},"hoverProvider":true,"implementationProvider":true,"memoryUsageProvider":true,"referencesProvider":true,"renameProvider":{"prepareProvider":true},"selectionRangeProvider":true,"semanticTokensProvider":{"full":{"delta":true},"legend":{"tokenModifiers":[],"tokenTypes":["variable","variable","parameter","function","method","function","property","variable","class","enum","enumMember","type","dependent","dependent","namespace","typeParameter","concept","type","macro","comment"]},"range":false},"signatureHelpProvider":{"triggerCharacters":["(",","]},"textDocumentSync":{"change":2,"openClose":true,"save":true},"typeHierarchyProvider":true,"workspaceSymbolProvider":true},"serverInfo":{"name":"clangd","version":"clangd version 12.0.0 (https://github.com/llvm/llvm-project e841bd5f335864b8c4d81cbf4df08460ef39f2ae)"}}}
>>>
Content-Length: 52

{"method":"initialized","params":{},"jsonrpc":"2.0"}Content-Length: 879

{"method":"textDocument/didOpen","params":{"textDocument":{"uri":"file:///C:/Users/NEXT/AppData/Local/Temp/arduino-language-server673516079/sketch/prueba%20contador%20orientado%20a%20objetos.ino.cpp","languageId":"cpp","version":1,"text":"#include \u003cArduino.h\u003e\n#line 1 \"C:\\\\Users\\\\NEXT\\\\Documents\\\\Arduino\\\\prueba contador orientado a objetos\\\\prueba contador orientado a objetos.ino\"\nclass Contador\n   {  private:\n         int N ;\n \n      public:   \n         Contador( ) ;              // Constructor\n         Contador( int k ) ;        // Constructor\n         void SetContador( int n) ;\n         void Incrementar() ;\n         int GetCont() ;\n   } ;\n \nContador::Contador( )           // Constructor\n    { N = 0 ; }       \nContador::Contador( int k)         // Constructor\n    { N = k ; }   \n \nContador C1, C2(23) ;\n"}},"jsonrpc":"2.0"}Content-Length: 232

{"method":"textDocument/documentSymbol","params":{"textDocument":{"uri":"file:///C:/Users/NEXT/AppData/Local/Temp/arduino-language-server673516079/sketch/prueba%20contador%20orientado%20a%20objetos.ino.cpp"}},"id":1,"jsonrpc":"2.0"}Content-Length: 469

{"method":"textDocument/didOpen","params":{"textDocument":{"uri":"file:///C:/Users/NEXT/AppData/Local/Temp/arduino-language-server673516079/sketch/contador.cpp","languageId":"cpp","version":1,"text":"#include \u0026amp;amp;lt;Contador.h\u0026amp;amp;gt;\r\n  \r\n  void Contador::SetContador( int n)\r\n        {  N = n ;  }\r\n \r\n   void Contador::Incrementar()\r\n        {  N++ ; }\r\n  \r\n   int Contador::GetCont()\r\n        { return (N) ;}"}},"jsonrpc":"2.0"}
<<<
Content-Length: 111

{"id":0,"jsonrpc":"2.0","method":"window/workDoneProgress/create","params":{"token":"backgroundIndexProgress"}}
>>>
Content-Length: 38

{"id":0,"result":null,"jsonrpc":"2.0"}
<<<
Content-Length: 143

{"jsonrpc":"2.0","method":"$/progress","params":{"token":"backgroundIndexProgress","value":{"kind":"begin","percentage":0,"title":"indexing"}}}Content-Length: 159

{"jsonrpc":"2.0","method":"$/progress","params":{"token":"backgroundIndexProgress","value":{"kind":"report","message":"1/28","percentage":3.5714285714285716}}}
>>>
Content-Length: 591

{"method":"textDocument/didOpen","params":{"textDocument":{"uri":"file:///C:/Users/NEXT/AppData/Local/Temp/arduino-language-server673516079/sketch/contador.h","languageId":"cpp","version":1,"text":"class Contador\r\n   {  private:\r\n         int N ;\r\n \r\n      public:\r\n         Contador( ) ;                  // Constructor\r\n         void SetContador( int n) ;     // Declaracion de funcion externa\r\n         void Incrementar() ;           // Declaracion de funcion externa\r\n         int GetCont() ;                // Declaracion de funcion externa\r\n   } ;"}},"jsonrpc":"2.0"}Content-Length: 331

{"method":"textDocument/codeAction","params":{"textDocument":{"uri":"file:///C:/Users/NEXT/AppData/Local/Temp/arduino-language-server673516079/sketch/prueba%20contador%20orientado%20a%20objetos.ino.cpp"},"range":{"start":{"line":2,"character":0},"end":{"line":2,"character":0}},"context":{"diagnostics":[]}},"id":2,"jsonrpc":"2.0"}
<<<
Content-Length: 200

{"jsonrpc":"2.0","method":"textDocument/publishDiagnostics","params":{"diagnostics":[],"uri":"file:///C:/Users/NEXT/AppData/Local/Temp/arduino-language-server673516079/sketch/contador.h","version":1}}Content-Length: 946

{"jsonrpc":"2.0","method":"textDocument/publishDiagnostics","params":{"diagnostics":[{"code":"pp_expects_filename","message":"Expected \"FILENAME\" or <FILENAME>","range":{"end":{"character":10,"line":0},"start":{"character":9,"line":0}},"severity":1,"source":"clang"},{"code":"undeclared_var_use","message":"Use of undeclared identifier 'Contador'","range":{"end":{"character":15,"line":2},"start":{"character":7,"line":2}},"severity":1,"source":"clang"},{"code":"undeclared_var_use","message":"Use of undeclared identifier 'Contador'","range":{"end":{"character":16,"line":5},"start":{"character":8,"line":5}},"severity":1,"source":"clang"},{"code":"undeclared_var_use","message":"Use of undeclared identifier 'Contador'","range":{"end":{"character":15,"line":8},"start":{"character":7,"line":8}},"severity":1,"source":"clang"}],"uri":"file:///C:/Users/NEXT/AppData/Local/Temp/arduino-language-server673516079/sketch/contador.cpp","version":1}}Content-Length: 241

{"jsonrpc":"2.0","method":"textDocument/publishDiagnostics","params":{"diagnostics":[],"uri":"file:///C:/Users/NEXT/AppData/Local/Temp/arduino-language-server673516079/sketch/prueba%20contador%20orientado%20a%20objetos.ino.cpp","version":1}}Content-Length: 2155

{"id":1,"jsonrpc":"2.0","result":[{"children":[{"kind":8,"name":"N","range":{"end":{"character":14,"line":4},"start":{"character":9,"line":4}},"selectionRange":{"end":{"character":14,"line":4},"start":{"character":13,"line":4}}},{"kind":9,"name":"Contador","range":{"end":{"character":20,"line":7},"start":{"character":9,"line":7}},"selectionRange":{"end":{"character":17,"line":7},"start":{"character":9,"line":7}}},{"kind":9,"name":"Contador","range":{"end":{"character":26,"line":8},"start":{"character":9,"line":8}},"selectionRange":{"end":{"character":17,"line":8},"start":{"character":9,"line":8}}},{"kind":6,"name":"SetContador","range":{"end":{"character":33,"line":9},"start":{"character":9,"line":9}},"selectionRange":{"end":{"character":25,"line":9},"start":{"character":14,"line":9}}},{"kind":6,"name":"Incrementar","range":{"end":{"character":27,"line":10},"start":{"character":9,"line":10}},"selectionRange":{"end":{"character":25,"line":10},"start":{"character":14,"line":10}}},{"kind":6,"name":"GetCont","range":{"end":{"character":22,"line":11},"start":{"character":9,"line":11}},"selectionRange":{"end":{"character":20,"line":11},"start":{"character":13,"line":11}}}],"kind":5,"name":"Contador","range":{"end":{"character":4,"line":12},"start":{"character":0,"line":2}},"selectionRange":{"end":{"character":14,"line":2},"start":{"character":6,"line":2}}},{"kind":9,"name":"Contador::Contador","range":{"end":{"character":15,"line":15},"start":{"character":0,"line":14}},"selectionRange":{"end":{"character":18,"line":14},"start":{"character":10,"line":14}}},{"kind":9,"name":"Contador::Contador","range":{"end":{"character":15,"line":17},"start":{"character":0,"line":16}},"selectionRange":{"end":{"character":18,"line":16},"start":{"character":10,"line":16}}},{"kind":13,"name":"C1","range":{"end":{"character":11,"line":19},"start":{"character":0,"line":19}},"selectionRange":{"end":{"character":11,"line":19},"start":{"character":9,"line":19}}},{"kind":13,"name":"C2","range":{"end":{"character":19,"line":19},"start":{"character":0,"line":19}},"selectionRange":{"end":{"character":15,"line":19},"start":{"character":13,"line":19}}}]}Content-Length: 36

{"id":2,"jsonrpc":"2.0","result":[]}
>>>
Content-Length: 292

{"method":"textDocument/codeAction","params":{"textDocument":{"uri":"file:///C:/Users/NEXT/AppData/Local/Temp/arduino-language-server673516079/sketch/contador.cpp"},"range":{"start":{"line":0,"character":0},"end":{"line":0,"character":0}},"context":{"diagnostics":[]}},"id":3,"jsonrpc":"2.0"}
<<<
Content-Length: 36

{"id":3,"jsonrpc":"2.0","result":[]}
>>>
Content-Length: 290

{"method":"textDocument/codeAction","params":{"textDocument":{"uri":"file:///C:/Users/NEXT/AppData/Local/Temp/arduino-language-server673516079/sketch/contador.h"},"range":{"start":{"line":0,"character":0},"end":{"line":0,"character":0}},"context":{"diagnostics":[]}},"id":4,"jsonrpc":"2.0"}
<<<
Content-Length: 36

{"id":4,"jsonrpc":"2.0","result":[]}
>>>
Content-Length: 292

{"method":"textDocument/codeAction","params":{"textDocument":{"uri":"file:///C:/Users/NEXT/AppData/Local/Temp/arduino-language-server673516079/sketch/contador.cpp"},"range":{"start":{"line":0,"character":0},"end":{"line":0,"character":0}},"context":{"diagnostics":[]}},"id":5,"jsonrpc":"2.0"}
<<<
Content-Length: 36

{"id":5,"jsonrpc":"2.0","result":[]}Content-Length: 159

{"jsonrpc":"2.0","method":"$/progress","params":{"token":"backgroundIndexProgress","value":{"kind":"report","message":"2/28","percentage":7.1428571428571432}}}Content-Length: 159

{"jsonrpc":"2.0","method":"$/progress","params":{"token":"backgroundIndexProgress","value":{"kind":"report","message":"2/28","percentage":7.1428571428571432}}}Content-Length: 159

{"jsonrpc":"2.0","method":"$/progress","params":{"token":"backgroundIndexProgress","value":{"kind":"report","message":"3/28","percentage":10.714285714285714}}}Content-Length: 159

{"jsonrpc":"2.0","method":"$/progress","params":{"token":"backgroundIndexProgress","value":{"kind":"report","message":"3/28","percentage":10.714285714285714}}}Content-Length: 159

{"jsonrpc":"2.0","method":"$/progress","params":{"token":"backgroundIndexProgress","value":{"kind":"report","message":"4/28","percentage":14.285714285714286}}}Content-Length: 159

{"jsonrpc":"2.0","method":"$/progress","params":{"token":"backgroundIndexProgress","value":{"kind":"report","message":"4/28","percentage":14.285714285714286}}}Content-Length: 159

{"jsonrpc":"2.0","method":"$/progress","params":{"token":"backgroundIndexProgress","value":{"kind":"report","message":"5/28","percentage":17.857142857142858}}}Content-Length: 159

{"jsonrpc":"2.0","method":"$/progress","params":{"token":"backgroundIndexProgress","value":{"kind":"report","message":"5/28","percentage":17.857142857142858}}}Content-Length: 159

{"jsonrpc":"2.0","method":"$/progress","params":{"token":"backgroundIndexProgress","value":{"kind":"report","message":"6/28","percentage":21.428571428571427}}}Content-Length: 159

{"jsonrpc":"2.0","method":"$/progress","params":{"token":"backgroundIndexProgress","value":{"kind":"report","message":"6/28","percentage":21.428571428571427}}}Content-Length: 143

{"jsonrpc":"2.0","method":"$/progress","params":{"token":"backgroundIndexProgress","value":{"kind":"report","message":"7/28","percentage":25}}}Content-Length: 143

{"jsonrpc":"2.0","method":"$/progress","params":{"token":"backgroundIndexProgress","value":{"kind":"report","message":"7/28","percentage":25}}}Content-Length: 159

{"jsonrpc":"2.0","method":"$/progress","params":{"token":"backgroundIndexProgress","value":{"kind":"report","message":"8/28","percentage":28.571428571428573}}}Content-Length: 159

{"jsonrpc":"2.0","method":"$/progress","params":{"token":"backgroundIndexProgress","value":{"kind":"report","message":"8/28","percentage":28.571428571428573}}}Content-Length: 159

{"jsonrpc":"2.0","method":"$/progress","params":{"token":"backgroundIndexProgress","value":{"kind":"report","message":"9/28","percentage":32.142857142857146}}}Content-Length: 159

{"jsonrpc":"2.0","method":"$/progress","params":{"token":"backgroundIndexProgress","value":{"kind":"report","message":"9/28","percentage":32.142857142857146}}}Content-Length: 160

{"jsonrpc":"2.0","method":"$/progress","params":{"token":"backgroundIndexProgress","value":{"kind":"report","message":"10/28","percentage":35.714285714285715}}}Content-Length: 160

{"jsonrpc":"2.0","method":"$/progress","params":{"token":"backgroundIndexProgress","value":{"kind":"report","message":"10/28","percentage":35.714285714285715}}}Content-Length: 160

{"jsonrpc":"2.0","method":"$/progress","params":{"token":"backgroundIndexProgress","value":{"kind":"report","message":"11/28","percentage":39.285714285714285}}}Content-Length: 160

{"jsonrpc":"2.0","method":"$/progress","params":{"token":"backgroundIndexProgress","value":{"kind":"report","message":"11/28","percentage":39.285714285714285}}}Content-Length: 160

{"jsonrpc":"2.0","method":"$/progress","params":{"token":"backgroundIndexProgress","value":{"kind":"report","message":"12/28","percentage":42.857142857142854}}}Content-Length: 160

{"jsonrpc":"2.0","method":"$/progress","params":{"token":"backgroundIndexProgress","value":{"kind":"report","message":"12/28","percentage":42.857142857142854}}}Content-Length: 160

{"jsonrpc":"2.0","method":"$/progress","params":{"token":"backgroundIndexProgress","value":{"kind":"report","message":"13/28","percentage":46.428571428571431}}}Content-Length: 160

{"jsonrpc":"2.0","method":"$/progress","params":{"token":"backgroundIndexProgress","value":{"kind":"report","message":"13/28","percentage":46.428571428571431}}}Content-Length: 144

{"jsonrpc":"2.0","method":"$/progress","params":{"token":"backgroundIndexProgress","value":{"kind":"report","message":"14/28","percentage":50}}}Content-Length: 144

{"jsonrpc":"2.0","method":"$/progress","params":{"token":"backgroundIndexProgress","value":{"kind":"report","message":"14/28","percentage":50}}}Content-Length: 160

{"jsonrpc":"2.0","method":"$/progress","params":{"token":"backgroundIndexProgress","value":{"kind":"report","message":"15/28","percentage":53.571428571428569}}}Content-Length: 160

{"jsonrpc":"2.0","method":"$/progress","params":{"token":"backgroundIndexProgress","value":{"kind":"report","message":"15/28","percentage":53.571428571428569}}}Content-Length: 160

{"jsonrpc":"2.0","method":"$/progress","params":{"token":"backgroundIndexProgress","value":{"kind":"report","message":"16/28","percentage":57.142857142857146}}}Content-Length: 160

{"jsonrpc":"2.0","method":"$/progress","params":{"token":"backgroundIndexProgress","value":{"kind":"report","message":"16/28","percentage":57.142857142857146}}}Content-Length: 160

{"jsonrpc":"2.0","method":"$/progress","params":{"token":"backgroundIndexProgress","value":{"kind":"report","message":"17/28","percentage":60.714285714285715}}}Content-Length: 160

{"jsonrpc":"2.0","method":"$/progress","params":{"token":"backgroundIndexProgress","value":{"kind":"report","message":"17/28","percentage":60.714285714285715}}}Content-Length: 160

{"jsonrpc":"2.0","method":"$/progress","params":{"token":"backgroundIndexProgress","value":{"kind":"report","message":"18/28","percentage":64.285714285714292}}}Content-Length: 160

{"jsonrpc":"2.0","method":"$/progress","params":{"token":"backgroundIndexProgress","value":{"kind":"report","message":"18/28","percentage":64.285714285714292}}}Content-Length: 160

{"jsonrpc":"2.0","method":"$/progress","params":{"token":"backgroundIndexProgress","value":{"kind":"report","message":"19/28","percentage":67.857142857142861}}}Content-Length: 160

{"jsonrpc":"2.0","method":"$/progress","params":{"token":"backgroundIndexProgress","value":{"kind":"report","message":"19/28","percentage":67.857142857142861}}}Content-Length: 160

{"jsonrpc":"2.0","method":"$/progress","params":{"token":"backgroundIndexProgress","value":{"kind":"report","message":"20/28","percentage":71.428571428571431}}}Content-Length: 160

{"jsonrpc":"2.0","method":"$/progress","params":{"token":"backgroundIndexProgress","value":{"kind":"report","message":"20/28","percentage":71.428571428571431}}}Content-Length: 144

{"jsonrpc":"2.0","method":"$/progress","params":{"token":"backgroundIndexProgress","value":{"kind":"report","message":"21/28","percentage":75}}}Content-Length: 144

{"jsonrpc":"2.0","method":"$/progress","params":{"token":"backgroundIndexProgress","value":{"kind":"report","message":"21/28","percentage":75}}}Content-Length: 160

{"jsonrpc":"2.0","method":"$/progress","params":{"token":"backgroundIndexProgress","value":{"kind":"report","message":"22/28","percentage":78.571428571428569}}}Content-Length: 160

{"jsonrpc":"2.0","method":"$/progress","params":{"token":"backgroundIndexProgress","value":{"kind":"report","message":"22/28","percentage":78.571428571428569}}}Content-Length: 160

{"jsonrpc":"2.0","method":"$/progress","params":{"token":"backgroundIndexProgress","value":{"kind":"report","message":"23/28","percentage":82.142857142857139}}}Content-Length: 160

{"jsonrpc":"2.0","method":"$/progress","params":{"token":"backgroundIndexProgress","value":{"kind":"report","message":"23/28","percentage":82.142857142857139}}}Content-Length: 160

{"jsonrpc":"2.0","method":"$/progress","params":{"token":"backgroundIndexProgress","value":{"kind":"report","message":"24/28","percentage":85.714285714285708}}}Content-Length: 160

{"jsonrpc":"2.0","method":"$/progress","params":{"token":"backgroundIndexProgress","value":{"kind":"report","message":"24/28","percentage":85.714285714285708}}}Content-Length: 160

{"jsonrpc":"2.0","method":"$/progress","params":{"token":"backgroundIndexProgress","value":{"kind":"report","message":"25/28","percentage":89.285714285714292}}}Content-Length: 160

{"jsonrpc":"2.0","method":"$/progress","params":{"token":"backgroundIndexProgress","value":{"kind":"report","message":"26/28","percentage":92.857142857142861}}}Content-Length: 160

{"jsonrpc":"2.0","method":"$/progress","params":{"token":"backgroundIndexProgress","value":{"kind":"report","message":"27/28","percentage":96.428571428571431}}}Content-Length: 107

{"jsonrpc":"2.0","method":"$/progress","params":{"token":"backgroundIndexProgress","value":{"kind":"end"}}}
>>>
Content-Length: 58

{"method":"shutdown","params":null,"id":6,"jsonrpc":"2.0"}
<<<
Content-Length: 38

{"id":6,"jsonrpc":"2.0","result":null}
>>>
Content-Length: 47

{"method":"exit","params":null,"jsonrpc":"2.0"}<<< Read Error: EOF







Started logging.

>>>
Content-Length: 2160

{"method":"initialize","params":{"processId":7348,"rootPath":"C:\\Users\\NEXT\\AppData\\Local\\Temp\\arduino-language-server462115079\\sketch","rootUri":"file:///C:/Users/NEXT/AppData/Local/Temp/arduino-language-server462115079/sketch","clientInfo":{"name":"vscode","version":"1.50.0"},"trace":"off","initializationOptions":{},"capabilities":{"workspace":{"workspaceEdit":{"documentChanges":true,"resourceOperations":["create","rename","delete"]},"applyEdit":true,"symbol":{"symbolKind":{"valueSet":[1,2,3,4,5,6,7,8,9,10,11,12,13,14,15,16,17,18,19,20,21,22,23,24,25,26]}},"executeCommand":{"dynamicRegistration":true},"didChangeWatchedFiles":{"dynamicRegistration":true},"workspaceFolders":true,"configuration":true},"textDocument":{"declaration":{"linkSupport":true},"definition":{"linkSupport":true},"implementation":{"linkSupport":true,"dynamicRegistration":true},"typeDefinition":{"linkSupport":true},"synchronization":{"willSave":true,"didSave":true,"willSaveWaitUntil":true},"documentSymbol":{"symbolKind":{"valueSet":[1,2,3,4,5,6,7,8,9,10,11,12,13,14,15,16,17,18,19,20,21,22,23,24,25,26]},"hierarchicalDocumentSymbolSupport":true},"formatting":{"dynamicRegistration":true},"rangeFormatting":{"dynamicRegistration":true},"rename":{"dynamicRegistration":true,"prepareSupport":true},"codeAction":{"dynamicRegistration":true,"isPreferredSupport":true,"codeActionLiteralSupport":{"codeActionKind":{"valueSet":["","quickfix","refactor","refactor.extract","refactor.inline","refactor.rewrite","source","source.organizeImports"]}}},"completion":{"completionItem":{"documentationFormat":["markdown","plaintext"],"snippetSupport":true},"completionItemKind":{"valueSet":[1,2,3,4,5,6,7,8,9,10,11,12,13,14,15,16,17,18,19,20,21,22,23,24,25]},"contextSupport":true},"signatureHelp":{"signatureInformation":{"parameterInformation":{"labelOffsetSupport":true}}},"documentLink":{"dynamicRegistration":true,"tooltipSupport":true},"hover":{"contentFormat":["markdown","plaintext"]},"foldingRange":{"dynamicRegistration":true,"rangeLimit":5000,"lineFoldingOnly":true},"colorProvider":{"dynamicRegistration":true}},"window":{"workDoneProgress":true}}},"id":0,"jsonrpc":"2.0"}
<<<
Content-Length: 1671

{"id":0,"jsonrpc":"2.0","result":{"capabilities":{"astProvider":true,"callHierarchyProvider":true,"codeActionProvider":{"codeActionKinds":["quickfix","refactor","info"]},"compilationDatabase":{"automaticReload":true},"completionProvider":{"allCommitCharacters":[" ","\t","(",")","[","]","{","}","<",">",":",";",",","+","-","/","*","%","^","&","#","?",".","=","\"","'","|"],"resolveProvider":false,"triggerCharacters":[".","<",">",":","\"","/"]},"declarationProvider":true,"definitionProvider":true,"documentFormattingProvider":true,"documentHighlightProvider":true,"documentLinkProvider":{"resolveProvider":false},"documentOnTypeFormattingProvider":{"firstTriggerCharacter":"\n","moreTriggerCharacter":[]},"documentRangeFormattingProvider":true,"documentSymbolProvider":true,"executeCommandProvider":{"commands":["clangd.applyFix","clangd.applyTweak"]},"hoverProvider":true,"implementationProvider":true,"memoryUsageProvider":true,"referencesProvider":true,"renameProvider":{"prepareProvider":true},"selectionRangeProvider":true,"semanticTokensProvider":{"full":{"delta":true},"legend":{"tokenModifiers":[],"tokenTypes":["variable","variable","parameter","function","method","function","property","variable","class","enum","enumMember","type","dependent","dependent","namespace","typeParameter","concept","type","macro","comment"]},"range":false},"signatureHelpProvider":{"triggerCharacters":["(",","]},"textDocumentSync":{"change":2,"openClose":true,"save":true},"typeHierarchyProvider":true,"workspaceSymbolProvider":true},"serverInfo":{"name":"clangd","version":"clangd version 12.0.0 (https://github.com/llvm/llvm-project e841bd5f335864b8c4d81cbf4df08460ef39f2ae)"}}}
>>>
Content-Length: 52

{"method":"initialized","params":{},"jsonrpc":"2.0"}Content-Length: 591

{"method":"textDocument/didOpen","params":{"textDocument":{"uri":"file:///C:/Users/NEXT/AppData/Local/Temp/arduino-language-server462115079/sketch/contador.h","languageId":"cpp","version":1,"text":"class Contador\r\n   {  private:\r\n         int N ;\r\n \r\n      public:\r\n         Contador( ) ;                  // Constructor\r\n         void SetContador( int n) ;     // Declaracion de funcion externa\r\n         void Incrementar() ;           // Declaracion de funcion externa\r\n         int GetCont() ;                // Declaracion de funcion externa\r\n   } ;"}},"jsonrpc":"2.0"}Content-Length: 469

{"method":"textDocument/didOpen","params":{"textDocument":{"uri":"file:///C:/Users/NEXT/AppData/Local/Temp/arduino-language-server462115079/sketch/contador.cpp","languageId":"cpp","version":1,"text":"#include \u0026amp;amp;lt;Contador.h\u0026amp;amp;gt;\r\n  \r\n  void Contador::SetContador( int n)\r\n        {  N = n ;  }\r\n \r\n   void Contador::Incrementar()\r\n        {  N++ ; }\r\n  \r\n   int Contador::GetCont()\r\n        { return (N) ;}"}},"jsonrpc":"2.0"}Content-Length: 232

{"method":"textDocument/documentSymbol","params":{"textDocument":{"uri":"file:///C:/Users/NEXT/AppData/Local/Temp/arduino-language-server462115079/sketch/prueba%20contador%20orientado%20a%20objetos.ino.cpp"}},"id":1,"jsonrpc":"2.0"}Content-Length: 879

{"method":"textDocument/didOpen","params":{"textDocument":{"uri":"file:///C:/Users/NEXT/AppData/Local/Temp/arduino-language-server462115079/sketch/prueba%20contador%20orientado%20a%20objetos.ino.cpp","languageId":"cpp","version":1,"text":"#include \u003cArduino.h\u003e\n#line 1 \"C:\\\\Users\\\\NEXT\\\\Documents\\\\Arduino\\\\prueba contador orientado a objetos\\\\prueba contador orientado a objetos.ino\"\nclass Contador\n   {  private:\n         int N ;\n \n      public:   \n         Contador( ) ;              // Constructor\n         Contador( int k ) ;        // Constructor\n         void SetContador( int n) ;\n         void Incrementar() ;\n         int GetCont() ;\n   } ;\n \nContador::Contador( )           // Constructor\n    { N = 0 ; }       \nContador::Contador( int k)         // Constructor\n    { N = k ; }   \n \nContador C1, C2(23) ;\n"}},"jsonrpc":"2.0"}Content-Length: 290

{"method":"textDocument/codeAction","params":{"textDocument":{"uri":"file:///C:/Users/NEXT/AppData/Local/Temp/arduino-language-server462115079/sketch/contador.h"},"range":{"start":{"line":0,"character":0},"end":{"line":0,"character":0}},"context":{"diagnostics":[]}},"id":2,"jsonrpc":"2.0"}
<<<
Content-Length: 101

{"error":{"code":-32602,"message":"trying to get AST for non-added document"},"id":1,"jsonrpc":"2.0"}Content-Length: 111

{"id":0,"jsonrpc":"2.0","method":"window/workDoneProgress/create","params":{"token":"backgroundIndexProgress"}}
>>>
Content-Length: 38

{"id":0,"result":null,"jsonrpc":"2.0"}
<<<
Content-Length: 143

{"jsonrpc":"2.0","method":"$/progress","params":{"token":"backgroundIndexProgress","value":{"kind":"begin","percentage":0,"title":"indexing"}}}Content-Length: 141

{"jsonrpc":"2.0","method":"$/progress","params":{"token":"backgroundIndexProgress","value":{"kind":"report","message":"0/1","percentage":0}}}Content-Length: 142

{"jsonrpc":"2.0","method":"$/progress","params":{"token":"backgroundIndexProgress","value":{"kind":"report","message":"0/28","percentage":0}}}Content-Length: 159

{"jsonrpc":"2.0","method":"$/progress","params":{"token":"backgroundIndexProgress","value":{"kind":"report","message":"1/28","percentage":3.5714285714285716}}}Content-Length: 159

{"jsonrpc":"2.0","method":"$/progress","params":{"token":"backgroundIndexProgress","value":{"kind":"report","message":"1/28","percentage":3.5714285714285716}}}Content-Length: 159

{"jsonrpc":"2.0","method":"$/progress","params":{"token":"backgroundIndexProgress","value":{"kind":"report","message":"1/28","percentage":3.5714285714285716}}}Content-Length: 159

{"jsonrpc":"2.0","method":"$/progress","params":{"token":"backgroundIndexProgress","value":{"kind":"report","message":"1/28","percentage":3.5714285714285716}}}Content-Length: 159

{"jsonrpc":"2.0","method":"$/progress","params":{"token":"backgroundIndexProgress","value":{"kind":"report","message":"1/28","percentage":3.5714285714285716}}}Content-Length: 200

{"jsonrpc":"2.0","method":"textDocument/publishDiagnostics","params":{"diagnostics":[],"uri":"file:///C:/Users/NEXT/AppData/Local/Temp/arduino-language-server462115079/sketch/contador.h","version":1}}Content-Length: 36

{"id":2,"jsonrpc":"2.0","result":[]}Content-Length: 946

{"jsonrpc":"2.0","method":"textDocument/publishDiagnostics","params":{"diagnostics":[{"code":"pp_expects_filename","message":"Expected \"FILENAME\" or <FILENAME>","range":{"end":{"character":10,"line":0},"start":{"character":9,"line":0}},"severity":1,"source":"clang"},{"code":"undeclared_var_use","message":"Use of undeclared identifier 'Contador'","range":{"end":{"character":15,"line":2},"start":{"character":7,"line":2}},"severity":1,"source":"clang"},{"code":"undeclared_var_use","message":"Use of undeclared identifier 'Contador'","range":{"end":{"character":16,"line":5},"start":{"character":8,"line":5}},"severity":1,"source":"clang"},{"code":"undeclared_var_use","message":"Use of undeclared identifier 'Contador'","range":{"end":{"character":15,"line":8},"start":{"character":7,"line":8}},"severity":1,"source":"clang"}],"uri":"file:///C:/Users/NEXT/AppData/Local/Temp/arduino-language-server462115079/sketch/contador.cpp","version":1}}
>>>
Content-Length: 292

{"method":"textDocument/codeAction","params":{"textDocument":{"uri":"file:///C:/Users/NEXT/AppData/Local/Temp/arduino-language-server462115079/sketch/contador.cpp"},"range":{"start":{"line":0,"character":0},"end":{"line":0,"character":0}},"context":{"diagnostics":[]}},"id":3,"jsonrpc":"2.0"}
<<<
Content-Length: 36

{"id":3,"jsonrpc":"2.0","result":[]}
>>>
Content-Length: 331

{"method":"textDocument/codeAction","params":{"textDocument":{"uri":"file:///C:/Users/NEXT/AppData/Local/Temp/arduino-language-server462115079/sketch/prueba%20contador%20orientado%20a%20objetos.ino.cpp"},"range":{"start":{"line":2,"character":0},"end":{"line":2,"character":0}},"context":{"diagnostics":[]}},"id":4,"jsonrpc":"2.0"}
<<<
Content-Length: 241

{"jsonrpc":"2.0","method":"textDocument/publishDiagnostics","params":{"diagnostics":[],"uri":"file:///C:/Users/NEXT/AppData/Local/Temp/arduino-language-server462115079/sketch/prueba%20contador%20orientado%20a%20objetos.ino.cpp","version":1}}Content-Length: 36

{"id":4,"jsonrpc":"2.0","result":[]}Content-Length: 159

{"jsonrpc":"2.0","method":"$/progress","params":{"token":"backgroundIndexProgress","value":{"kind":"report","message":"2/28","percentage":7.1428571428571432}}}Content-Length: 159

{"jsonrpc":"2.0","method":"$/progress","params":{"token":"backgroundIndexProgress","value":{"kind":"report","message":"2/28","percentage":7.1428571428571432}}}
>>>
Content-Length: 292

{"method":"textDocument/codeAction","params":{"textDocument":{"uri":"file:///C:/Users/NEXT/AppData/Local/Temp/arduino-language-server462115079/sketch/contador.cpp"},"range":{"start":{"line":0,"character":0},"end":{"line":0,"character":0}},"context":{"diagnostics":[]}},"id":5,"jsonrpc":"2.0"}
<<<
Content-Length: 36

{"id":5,"jsonrpc":"2.0","result":[]}Content-Length: 159

{"jsonrpc":"2.0","method":"$/progress","params":{"token":"backgroundIndexProgress","value":{"kind":"report","message":"3/28","percentage":10.714285714285714}}}Content-Length: 159

{"jsonrpc":"2.0","method":"$/progress","params":{"token":"backgroundIndexProgress","value":{"kind":"report","message":"3/28","percentage":10.714285714285714}}}Content-Length: 159

{"jsonrpc":"2.0","method":"$/progress","params":{"token":"backgroundIndexProgress","value":{"kind":"report","message":"4/28","percentage":14.285714285714286}}}Content-Length: 159

{"jsonrpc":"2.0","method":"$/progress","params":{"token":"backgroundIndexProgress","value":{"kind":"report","message":"4/28","percentage":14.285714285714286}}}Content-Length: 159

{"jsonrpc":"2.0","method":"$/progress","params":{"token":"backgroundIndexProgress","value":{"kind":"report","message":"5/28","percentage":17.857142857142858}}}Content-Length: 159

{"jsonrpc":"2.0","method":"$/progress","params":{"token":"backgroundIndexProgress","value":{"kind":"report","message":"5/28","percentage":17.857142857142858}}}Content-Length: 159

{"jsonrpc":"2.0","method":"$/progress","params":{"token":"backgroundIndexProgress","value":{"kind":"report","message":"6/28","percentage":21.428571428571427}}}Content-Length: 159

{"jsonrpc":"2.0","method":"$/progress","params":{"token":"backgroundIndexProgress","value":{"kind":"report","message":"6/28","percentage":21.428571428571427}}}Content-Length: 143

{"jsonrpc":"2.0","method":"$/progress","params":{"token":"backgroundIndexProgress","value":{"kind":"report","message":"7/28","percentage":25}}}Content-Length: 143

{"jsonrpc":"2.0","method":"$/progress","params":{"token":"backgroundIndexProgress","value":{"kind":"report","message":"7/28","percentage":25}}}Content-Length: 159

{"jsonrpc":"2.0","method":"$/progress","params":{"token":"backgroundIndexProgress","value":{"kind":"report","message":"8/28","percentage":28.571428571428573}}}Content-Length: 159

{"jsonrpc":"2.0","method":"$/progress","params":{"token":"backgroundIndexProgress","value":{"kind":"report","message":"8/28","percentage":28.571428571428573}}}Content-Length: 159

{"jsonrpc":"2.0","method":"$/progress","params":{"token":"backgroundIndexProgress","value":{"kind":"report","message":"9/28","percentage":32.142857142857146}}}Content-Length: 159

{"jsonrpc":"2.0","method":"$/progress","params":{"token":"backgroundIndexProgress","value":{"kind":"report","message":"9/28","percentage":32.142857142857146}}}Content-Length: 160

{"jsonrpc":"2.0","method":"$/progress","params":{"token":"backgroundIndexProgress","value":{"kind":"report","message":"10/28","percentage":35.714285714285715}}}Content-Length: 160

{"jsonrpc":"2.0","method":"$/progress","params":{"token":"backgroundIndexProgress","value":{"kind":"report","message":"10/28","percentage":35.714285714285715}}}Content-Length: 160

{"jsonrpc":"2.0","method":"$/progress","params":{"token":"backgroundIndexProgress","value":{"kind":"report","message":"11/28","percentage":39.285714285714285}}}Content-Length: 160

{"jsonrpc":"2.0","method":"$/progress","params":{"token":"backgroundIndexProgress","value":{"kind":"report","message":"11/28","percentage":39.285714285714285}}}Content-Length: 160

{"jsonrpc":"2.0","method":"$/progress","params":{"token":"backgroundIndexProgress","value":{"kind":"report","message":"12/28","percentage":42.857142857142854}}}Content-Length: 160

{"jsonrpc":"2.0","method":"$/progress","params":{"token":"backgroundIndexProgress","value":{"kind":"report","message":"12/28","percentage":42.857142857142854}}}Content-Length: 160

{"jsonrpc":"2.0","method":"$/progress","params":{"token":"backgroundIndexProgress","value":{"kind":"report","message":"13/28","percentage":46.428571428571431}}}Content-Length: 160

{"jsonrpc":"2.0","method":"$/progress","params":{"token":"backgroundIndexProgress","value":{"kind":"report","message":"13/28","percentage":46.428571428571431}}}Content-Length: 144

{"jsonrpc":"2.0","method":"$/progress","params":{"token":"backgroundIndexProgress","value":{"kind":"report","message":"14/28","percentage":50}}}Content-Length: 144

{"jsonrpc":"2.0","method":"$/progress","params":{"token":"backgroundIndexProgress","value":{"kind":"report","message":"14/28","percentage":50}}}Content-Length: 160

{"jsonrpc":"2.0","method":"$/progress","params":{"token":"backgroundIndexProgress","value":{"kind":"report","message":"15/28","percentage":53.571428571428569}}}Content-Length: 160

{"jsonrpc":"2.0","method":"$/progress","params":{"token":"backgroundIndexProgress","value":{"kind":"report","message":"15/28","percentage":53.571428571428569}}}Content-Length: 160

{"jsonrpc":"2.0","method":"$/progress","params":{"token":"backgroundIndexProgress","value":{"kind":"report","message":"16/28","percentage":57.142857142857146}}}Content-Length: 160

{"jsonrpc":"2.0","method":"$/progress","params":{"token":"backgroundIndexProgress","value":{"kind":"report","message":"16/28","percentage":57.142857142857146}}}Content-Length: 160

{"jsonrpc":"2.0","method":"$/progress","params":{"token":"backgroundIndexProgress","value":{"kind":"report","message":"17/28","percentage":60.714285714285715}}}Content-Length: 160

{"jsonrpc":"2.0","method":"$/progress","params":{"token":"backgroundIndexProgress","value":{"kind":"report","message":"17/28","percentage":60.714285714285715}}}Content-Length: 160

{"jsonrpc":"2.0","method":"$/progress","params":{"token":"backgroundIndexProgress","value":{"kind":"report","message":"18/28","percentage":64.285714285714292}}}Content-Length: 160

{"jsonrpc":"2.0","method":"$/progress","params":{"token":"backgroundIndexProgress","value":{"kind":"report","message":"18/28","percentage":64.285714285714292}}}Content-Length: 160

{"jsonrpc":"2.0","method":"$/progress","params":{"token":"backgroundIndexProgress","value":{"kind":"report","message":"19/28","percentage":67.857142857142861}}}Content-Length: 160

{"jsonrpc":"2.0","method":"$/progress","params":{"token":"backgroundIndexProgress","value":{"kind":"report","message":"19/28","percentage":67.857142857142861}}}Content-Length: 160

{"jsonrpc":"2.0","method":"$/progress","params":{"token":"backgroundIndexProgress","value":{"kind":"report","message":"20/28","percentage":71.428571428571431}}}Content-Length: 160

{"jsonrpc":"2.0","method":"$/progress","params":{"token":"backgroundIndexProgress","value":{"kind":"report","message":"20/28","percentage":71.428571428571431}}}Content-Length: 144

{"jsonrpc":"2.0","method":"$/progress","params":{"token":"backgroundIndexProgress","value":{"kind":"report","message":"21/28","percentage":75}}}Content-Length: 144

{"jsonrpc":"2.0","method":"$/progress","params":{"token":"backgroundIndexProgress","value":{"kind":"report","message":"21/28","percentage":75}}}Content-Length: 160

{"jsonrpc":"2.0","method":"$/progress","params":{"token":"backgroundIndexProgress","value":{"kind":"report","message":"22/28","percentage":78.571428571428569}}}Content-Length: 160

{"jsonrpc":"2.0","method":"$/progress","params":{"token":"backgroundIndexProgress","value":{"kind":"report","message":"22/28","percentage":78.571428571428569}}}Content-Length: 160

{"jsonrpc":"2.0","method":"$/progress","params":{"token":"backgroundIndexProgress","value":{"kind":"report","message":"23/28","percentage":82.142857142857139}}}Content-Length: 160

{"jsonrpc":"2.0","method":"$/progress","params":{"token":"backgroundIndexProgress","value":{"kind":"report","message":"23/28","percentage":82.142857142857139}}}Content-Length: 160

{"jsonrpc":"2.0","method":"$/progress","params":{"token":"backgroundIndexProgress","value":{"kind":"report","message":"24/28","percentage":85.714285714285708}}}Content-Length: 160

{"jsonrpc":"2.0","method":"$/progress","params":{"token":"backgroundIndexProgress","value":{"kind":"report","message":"24/28","percentage":85.714285714285708}}}Content-Length: 160

{"jsonrpc":"2.0","method":"$/progress","params":{"token":"backgroundIndexProgress","value":{"kind":"report","message":"25/28","percentage":89.285714285714292}}}Content-Length: 160

{"jsonrpc":"2.0","method":"$/progress","params":{"token":"backgroundIndexProgress","value":{"kind":"report","message":"26/28","percentage":92.857142857142861}}}Content-Length: 160

{"jsonrpc":"2.0","method":"$/progress","params":{"token":"backgroundIndexProgress","value":{"kind":"report","message":"27/28","percentage":96.428571428571431}}}Content-Length: 107

{"jsonrpc":"2.0","method":"$/progress","params":{"token":"backgroundIndexProgress","value":{"kind":"end"}}}
>>>
Content-Length: 58

{"method":"shutdown","params":null,"id":6,"jsonrpc":"2.0"}
<<<
Content-Length: 38

{"id":6,"jsonrpc":"2.0","result":null}
>>>
Content-Length: 47

{"method":"exit","params":null,"jsonrpc":"2.0"}<<< Read Error: EOF
