






Started logging.

<<<
Content-Length: 3203

{"jsonrpc":"2.0","id":0,"method":"initialize","params":{"processId":1976,"clientInfo":{"name":"vscode","version":"1.50.0"},"rootPath":"c:\\Users\\NEXT\\AppData\\Local\\Temp\\.arduinoIDE-unsaved2021514-2216-1t5w1sb.jw5m\\sketch_jun14a","rootUri":"file:///c%3A/Users/NEXT/AppData/Local/Temp/.arduinoIDE-unsaved2021514-2216-1t5w1sb.jw5m/sketch_jun14a","capabilities":{"workspace":{"applyEdit":true,"workspaceEdit":{"documentChanges":true,"resourceOperations":["create","rename","delete"],"failureHandling":"textOnlyTransactional"},"didChangeConfiguration":{"dynamicRegistration":true},"didChangeWatchedFiles":{"dynamicRegistration":true},"symbol":{"dynamicRegistration":true,"symbolKind":{"valueSet":[1,2,3,4,5,6,7,8,9,10,11,12,13,14,15,16,17,18,19,20,21,22,23,24,25,26]}},"executeCommand":{"dynamicRegistration":true},"configuration":true,"workspaceFolders":true},"textDocument":{"publishDiagnostics":{"relatedInformation":true,"versionSupport":false,"tagSupport":{"valueSet":[1,2]}},"synchronization":{"dynamicRegistration":true,"willSave":true,"willSaveWaitUntil":true,"didSave":true},"completion":{"dynamicRegistration":true,"contextSupport":true,"completionItem":{"snippetSupport":true,"commitCharactersSupport":true,"documentationFormat":["markdown","plaintext"],"deprecatedSupport":true,"preselectSupport":true,"tagSupport":{"valueSet":[1]}},"completionItemKind":{"valueSet":[1,2,3,4,5,6,7,8,9,10,11,12,13,14,15,16,17,18,19,20,21,22,23,24,25]}},"hover":{"dynamicRegistration":true,"contentFormat":["markdown","plaintext"]},"signatureHelp":{"dynamicRegistration":true,"signatureInformation":{"documentationFormat":["markdown","plaintext"],"parameterInformation":{"labelOffsetSupport":true}},"contextSupport":true},"definition":{"dynamicRegistration":true,"linkSupport":true},"references":{"dynamicRegistration":true},"documentHighlight":{"dynamicRegistration":true},"documentSymbol":{"dynamicRegistration":true,"symbolKind":{"valueSet":[1,2,3,4,5,6,7,8,9,10,11,12,13,14,15,16,17,18,19,20,21,22,23,24,25,26]},"hierarchicalDocumentSymbolSupport":true},"codeAction":{"dynamicRegistration":true,"isPreferredSupport":true,"codeActionLiteralSupport":{"codeActionKind":{"valueSet":["","quickfix","refactor","refactor.extract","refactor.inline","refactor.rewrite","source","source.organizeImports"]}}},"codeLens":{"dynamicRegistration":true},"formatting":{"dynamicRegistration":true},"rangeFormatting":{"dynamicRegistration":true},"onTypeFormatting":{"dynamicRegistration":true},"rename":{"dynamicRegistration":true,"prepareSupport":true},"documentLink":{"dynamicRegistration":true,"tooltipSupport":true},"typeDefinition":{"dynamicRegistration":true,"linkSupport":true},"implementation":{"dynamicRegistration":true,"linkSupport":true},"colorProvider":{"dynamicRegistration":true},"foldingRange":{"dynamicRegistration":true,"rangeLimit":5000,"lineFoldingOnly":true},"declaration":{"dynamicRegistration":true,"linkSupport":true},"selectionRange":{"dynamicRegistration":true}},"window":{"workDoneProgress":true}},"initializationOptions":{},"trace":"off","workspaceFolders":[{"uri":"file:///c%3A/Users/NEXT/AppData/Local/Temp/.arduinoIDE-unsaved2021514-2216-1t5w1sb.jw5m/sketch_jun14a","name":"sketch_jun14a"}]}}
>>>
Content-Length: 598

{"id":0,"result":{"capabilities":{"textDocumentSync":2,"hoverProvider":true,"completionProvider":{"triggerCharacters":[".","\u003e",":"]},"signatureHelpProvider":{"triggerCharacters":["(",","]},"definitionProvider":true,"documentHighlightProvider":true,"documentSymbolProvider":true,"workspaceSymbolProvider":true,"codeActionProvider":true,"documentFormattingProvider":true,"documentRangeFormattingProvider":true,"documentOnTypeFormattingProvider":{"firstTriggerCharacter":"\n"},"renameProvider":false,"executeCommandProvider":{"commands":["clangd.applyFix","clangd.applyTweak"]}}},"jsonrpc":"2.0"}
<<<
Content-Length: 52

{"jsonrpc":"2.0","method":"initialized","params":{}}Content-Length: 384

{"jsonrpc":"2.0","method":"textDocument/didOpen","params":{"textDocument":{"uri":"file:///c%3A/Users/NEXT/AppData/Local/Temp/.arduinoIDE-unsaved2021514-2216-1t5w1sb.jw5m/sketch_jun14a/sketch_jun14a.ino","languageId":"cpp","version":1,"text":"void setup() {\n  // put your setup code here, to run once:\n\n}\n\nvoid loop() {\n  // put your main code here, to run repeatedly:\n\n}\n"}}}Content-Length: 318

{"jsonrpc":"2.0","id":1,"method":"textDocument/codeAction","params":{"textDocument":{"uri":"file:///c%3A/Users/NEXT/AppData/Local/Temp/.arduinoIDE-unsaved2021514-2216-1t5w1sb.jw5m/sketch_jun14a/sketch_jun14a.ino"},"range":{"start":{"line":0,"character":0},"end":{"line":0,"character":0}},"context":{"diagnostics":[]}}}
>>>
Content-Length: 111

{"method":"window/workDoneProgress/create","params":{"token":"backgroundIndexProgress"},"id":0,"jsonrpc":"2.0"}Content-Length: 36

{"id":1,"result":[],"jsonrpc":"2.0"}
<<<
Content-Length: 38

{"jsonrpc":"2.0","id":0,"result":null}
>>>
Content-Length: 143

{"method":"$/progress","params":{"token":"backgroundIndexProgress","value":{"title":"indexing","percentage":0,"kind":"begin"}},"jsonrpc":"2.0"}Content-Length: 159

{"method":"$/progress","params":{"token":"backgroundIndexProgress","value":{"message":"1/27","percentage":3.7037037037037037,"kind":"report"}},"jsonrpc":"2.0"}Content-Length: 158

{"method":"$/progress","params":{"token":"backgroundIndexProgress","value":{"message":"2/27","percentage":7.407407407407407,"kind":"report"}},"jsonrpc":"2.0"}Content-Length: 158

{"method":"$/progress","params":{"token":"backgroundIndexProgress","value":{"message":"3/27","percentage":11.11111111111111,"kind":"report"}},"jsonrpc":"2.0"}Content-Length: 159

{"method":"$/progress","params":{"token":"backgroundIndexProgress","value":{"message":"4/27","percentage":14.814814814814815,"kind":"report"}},"jsonrpc":"2.0"}Content-Length: 159

{"method":"$/progress","params":{"token":"backgroundIndexProgress","value":{"message":"4/27","percentage":14.814814814814815,"kind":"report"}},"jsonrpc":"2.0"}Content-Length: 158

{"method":"$/progress","params":{"token":"backgroundIndexProgress","value":{"message":"5/27","percentage":18.51851851851852,"kind":"report"}},"jsonrpc":"2.0"}Content-Length: 158

{"method":"$/progress","params":{"token":"backgroundIndexProgress","value":{"message":"5/27","percentage":18.51851851851852,"kind":"report"}},"jsonrpc":"2.0"}Content-Length: 158

{"method":"$/progress","params":{"token":"backgroundIndexProgress","value":{"message":"6/27","percentage":22.22222222222222,"kind":"report"}},"jsonrpc":"2.0"}Content-Length: 159

{"method":"$/progress","params":{"token":"backgroundIndexProgress","value":{"message":"7/27","percentage":25.925925925925927,"kind":"report"}},"jsonrpc":"2.0"}Content-Length: 159

{"method":"$/progress","params":{"token":"backgroundIndexProgress","value":{"message":"7/27","percentage":25.925925925925927,"kind":"report"}},"jsonrpc":"2.0"}Content-Length: 158

{"method":"$/progress","params":{"token":"backgroundIndexProgress","value":{"message":"8/27","percentage":29.62962962962963,"kind":"report"}},"jsonrpc":"2.0"}Content-Length: 158

{"method":"$/progress","params":{"token":"backgroundIndexProgress","value":{"message":"8/27","percentage":29.62962962962963,"kind":"report"}},"jsonrpc":"2.0"}Content-Length: 159

{"method":"$/progress","params":{"token":"backgroundIndexProgress","value":{"message":"9/27","percentage":33.333333333333336,"kind":"report"}},"jsonrpc":"2.0"}Content-Length: 159

{"method":"$/progress","params":{"token":"backgroundIndexProgress","value":{"message":"9/27","percentage":33.333333333333336,"kind":"report"}},"jsonrpc":"2.0"}Content-Length: 159

{"method":"$/progress","params":{"token":"backgroundIndexProgress","value":{"message":"10/27","percentage":37.03703703703704,"kind":"report"}},"jsonrpc":"2.0"}Content-Length: 159

{"method":"$/progress","params":{"token":"backgroundIndexProgress","value":{"message":"10/27","percentage":37.03703703703704,"kind":"report"}},"jsonrpc":"2.0"}Content-Length: 159

{"method":"$/progress","params":{"token":"backgroundIndexProgress","value":{"message":"11/27","percentage":40.74074074074074,"kind":"report"}},"jsonrpc":"2.0"}Content-Length: 159

{"method":"$/progress","params":{"token":"backgroundIndexProgress","value":{"message":"11/27","percentage":40.74074074074074,"kind":"report"}},"jsonrpc":"2.0"}Content-Length: 159

{"method":"$/progress","params":{"token":"backgroundIndexProgress","value":{"message":"12/27","percentage":44.44444444444444,"kind":"report"}},"jsonrpc":"2.0"}Content-Length: 159

{"method":"$/progress","params":{"token":"backgroundIndexProgress","value":{"message":"12/27","percentage":44.44444444444444,"kind":"report"}},"jsonrpc":"2.0"}Content-Length: 160

{"method":"$/progress","params":{"token":"backgroundIndexProgress","value":{"message":"13/27","percentage":48.148148148148145,"kind":"report"}},"jsonrpc":"2.0"}Content-Length: 160

{"method":"$/progress","params":{"token":"backgroundIndexProgress","value":{"message":"14/27","percentage":51.851851851851855,"kind":"report"}},"jsonrpc":"2.0"}Content-Length: 160

{"method":"$/progress","params":{"token":"backgroundIndexProgress","value":{"message":"14/27","percentage":51.851851851851855,"kind":"report"}},"jsonrpc":"2.0"}Content-Length: 159

{"method":"$/progress","params":{"token":"backgroundIndexProgress","value":{"message":"15/27","percentage":55.55555555555556,"kind":"report"}},"jsonrpc":"2.0"}Content-Length: 159

{"method":"$/progress","params":{"token":"backgroundIndexProgress","value":{"message":"15/27","percentage":55.55555555555556,"kind":"report"}},"jsonrpc":"2.0"}Content-Length: 159

{"method":"$/progress","params":{"token":"backgroundIndexProgress","value":{"message":"16/27","percentage":59.25925925925926,"kind":"report"}},"jsonrpc":"2.0"}Content-Length: 159

{"method":"$/progress","params":{"token":"backgroundIndexProgress","value":{"message":"16/27","percentage":59.25925925925926,"kind":"report"}},"jsonrpc":"2.0"}Content-Length: 159

{"method":"$/progress","params":{"token":"backgroundIndexProgress","value":{"message":"17/27","percentage":62.96296296296296,"kind":"report"}},"jsonrpc":"2.0"}Content-Length: 159

{"method":"$/progress","params":{"token":"backgroundIndexProgress","value":{"message":"17/27","percentage":62.96296296296296,"kind":"report"}},"jsonrpc":"2.0"}Content-Length: 159

{"method":"$/progress","params":{"token":"backgroundIndexProgress","value":{"message":"18/27","percentage":66.66666666666667,"kind":"report"}},"jsonrpc":"2.0"}Content-Length: 159

{"method":"$/progress","params":{"token":"backgroundIndexProgress","value":{"message":"19/27","percentage":70.37037037037037,"kind":"report"}},"jsonrpc":"2.0"}Content-Length: 159

{"method":"$/progress","params":{"token":"backgroundIndexProgress","value":{"message":"19/27","percentage":70.37037037037037,"kind":"report"}},"jsonrpc":"2.0"}Content-Length: 159

{"method":"$/progress","params":{"token":"backgroundIndexProgress","value":{"message":"20/27","percentage":74.07407407407408,"kind":"report"}},"jsonrpc":"2.0"}Content-Length: 159

{"method":"$/progress","params":{"token":"backgroundIndexProgress","value":{"message":"20/27","percentage":74.07407407407408,"kind":"report"}},"jsonrpc":"2.0"}Content-Length: 159

{"method":"$/progress","params":{"token":"backgroundIndexProgress","value":{"message":"21/27","percentage":77.77777777777777,"kind":"report"}},"jsonrpc":"2.0"}Content-Length: 159

{"method":"$/progress","params":{"token":"backgroundIndexProgress","value":{"message":"22/27","percentage":81.48148148148148,"kind":"report"}},"jsonrpc":"2.0"}Content-Length: 159

{"method":"$/progress","params":{"token":"backgroundIndexProgress","value":{"message":"23/27","percentage":85.18518518518519,"kind":"report"}},"jsonrpc":"2.0"}Content-Length: 159

{"method":"$/progress","params":{"token":"backgroundIndexProgress","value":{"message":"24/27","percentage":88.88888888888889,"kind":"report"}},"jsonrpc":"2.0"}Content-Length: 158

{"method":"$/progress","params":{"token":"backgroundIndexProgress","value":{"message":"25/27","percentage":92.5925925925926,"kind":"report"}},"jsonrpc":"2.0"}Content-Length: 159

{"method":"$/progress","params":{"token":"backgroundIndexProgress","value":{"message":"26/27","percentage":96.29629629629629,"kind":"report"}},"jsonrpc":"2.0"}Content-Length: 107

{"method":"$/progress","params":{"token":"backgroundIndexProgress","value":{"kind":"end"}},"jsonrpc":"2.0"}
<<<
Content-Length: 318

{"jsonrpc":"2.0","id":2,"method":"textDocument/codeAction","params":{"textDocument":{"uri":"file:///c%3A/Users/NEXT/AppData/Local/Temp/.arduinoIDE-unsaved2021514-2216-1t5w1sb.jw5m/sketch_jun14a/sketch_jun14a.ino"},"range":{"start":{"line":0,"character":0},"end":{"line":9,"character":0}},"context":{"diagnostics":[]}}}
>>>
Content-Length: 36

{"id":2,"result":[],"jsonrpc":"2.0"}
<<<
Content-Length: 246

{"jsonrpc":"2.0","id":3,"method":"textDocument/hover","params":{"textDocument":{"uri":"file:///c%3A/Users/NEXT/AppData/Local/Temp/.arduinoIDE-unsaved2021514-2216-1t5w1sb.jw5m/sketch_jun14a/sketch_jun14a.ino"},"position":{"line":0,"character":0}}}
>>>
Content-Length: 38

{"id":3,"result":null,"jsonrpc":"2.0"}
<<<
Content-Length: 251

{"jsonrpc":"2.0","id":4,"method":"textDocument/definition","params":{"textDocument":{"uri":"file:///c%3A/Users/NEXT/AppData/Local/Temp/.arduinoIDE-unsaved2021514-2216-1t5w1sb.jw5m/sketch_jun14a/sketch_jun14a.ino"},"position":{"line":0,"character":1}}}
>>>
Content-Length: 36

{"id":4,"result":[],"jsonrpc":"2.0"}
<<<
Content-Length: 563

{"jsonrpc":"2.0","method":"textDocument/didChange","params":{"textDocument":{"uri":"file:///c%3A/Users/NEXT/AppData/Local/Temp/.arduinoIDE-unsaved2021514-2216-1t5w1sb.jw5m/sketch_jun14a/sketch_jun14a.ino","version":2},"contentChanges":[{"range":{"start":{"line":0,"character":0},"end":{"line":9,"character":0}},"rangeLength":129,"text":"#include &amp;amp;lt;Contador.h&amp;amp;gt;\n  \n  void Contador::SetContador( int n)\n        {  N = n ;  }\n \n   void Contador::Incrementar()\n        {  N++ ; }\n  \n   int Contador::GetCont()\n        { return (N) ;}"}]}}
>>>
Content-Length: 970

{"method":"textDocument/publishDiagnostics","params":{"uri":"file:///c%3A/Users/NEXT/AppData/Local/Temp/.arduinoIDE-unsaved2021514-2216-1t5w1sb.jw5m/sketch_jun14a/sketch_jun14a.ino","diagnostics":[{"range":{"start":{"line":0,"character":9},"end":{"line":0,"character":10}},"severity":1,"code":"pp_expects_filename","source":"clang","message":"Expected \"FILENAME\" or \u003cFILENAME\u003e"},{"range":{"start":{"line":2,"character":7},"end":{"line":2,"character":15}},"severity":1,"code":"undeclared_var_use","source":"clang","message":"Use of undeclared identifier 'Contador'"},{"range":{"start":{"line":5,"character":8},"end":{"line":5,"character":16}},"severity":1,"code":"undeclared_var_use","source":"clang","message":"Use of undeclared identifier 'Contador'"},{"range":{"start":{"line":8,"character":7},"end":{"line":8,"character":15}},"severity":1,"code":"undeclared_var_use","source":"clang","message":"Use of undeclared identifier 'Contador'"}]},"jsonrpc":"2.0"}
<<<
Content-Length: 320

{"jsonrpc":"2.0","id":5,"method":"textDocument/codeAction","params":{"textDocument":{"uri":"file:///c%3A/Users/NEXT/AppData/Local/Temp/.arduinoIDE-unsaved2021514-2216-1t5w1sb.jw5m/sketch_jun14a/sketch_jun14a.ino"},"range":{"start":{"line":9,"character":23},"end":{"line":9,"character":23}},"context":{"diagnostics":[]}}}
>>>
Content-Length: 36

{"id":5,"result":[],"jsonrpc":"2.0"}
<<<
Content-Length: 217

{"jsonrpc":"2.0","method":"textDocument/didSave","params":{"textDocument":{"uri":"file:///c%3A/Users/NEXT/AppData/Local/Temp/.arduinoIDE-unsaved2021514-2216-1t5w1sb.jw5m/sketch_jun14a/sketch_jun14a.ino","version":2}}}
>>>
Content-Length: 116

{"method":"window/workDoneProgress/create","params":{"token":"arduinoLanguageServerRebuild"},"id":1,"jsonrpc":"2.0"}
<<<
Content-Length: 38

{"jsonrpc":"2.0","id":1,"result":null}
>>>
Content-Length: 140

{"method":"$/progress","params":{"token":"arduinoLanguageServerRebuild","value":{"title":"Building sketch","kind":"begin"}},"jsonrpc":"2.0"}Content-Length: 138

{"method":"$/progress","params":{"token":"arduinoLanguageServerRebuild","value":{"message":"compiling.","kind":"report"}},"jsonrpc":"2.0"}Content-Length: 139

{"method":"$/progress","params":{"token":"arduinoLanguageServerRebuild","value":{"message":"compiling..","kind":"report"}},"jsonrpc":"2.0"}Content-Length: 140

{"method":"$/progress","params":{"token":"arduinoLanguageServerRebuild","value":{"message":"compiling...","kind":"report"}},"jsonrpc":"2.0"}Content-Length: 129

{"method":"$/progress","params":{"token":"arduinoLanguageServerRebuild","value":{"message":"done","kind":"end"}},"jsonrpc":"2.0"}Content-Length: 970

{"method":"textDocument/publishDiagnostics","params":{"uri":"file:///c%3A/Users/NEXT/AppData/Local/Temp/.arduinoIDE-unsaved2021514-2216-1t5w1sb.jw5m/sketch_jun14a/sketch_jun14a.ino","diagnostics":[{"range":{"start":{"line":0,"character":9},"end":{"line":0,"character":10}},"severity":1,"code":"pp_expects_filename","source":"clang","message":"Expected \"FILENAME\" or \u003cFILENAME\u003e"},{"range":{"start":{"line":2,"character":7},"end":{"line":2,"character":15}},"severity":1,"code":"undeclared_var_use","source":"clang","message":"Use of undeclared identifier 'Contador'"},{"range":{"start":{"line":5,"character":8},"end":{"line":5,"character":16}},"severity":1,"code":"undeclared_var_use","source":"clang","message":"Use of undeclared identifier 'Contador'"},{"range":{"start":{"line":8,"character":7},"end":{"line":8,"character":15}},"severity":1,"code":"undeclared_var_use","source":"clang","message":"Use of undeclared identifier 'Contador'"}]},"jsonrpc":"2.0"}
<<<
Content-Length: 320

{"jsonrpc":"2.0","id":6,"method":"textDocument/codeAction","params":{"textDocument":{"uri":"file:///c%3A/Users/NEXT/AppData/Local/Temp/.arduinoIDE-unsaved2021514-2216-1t5w1sb.jw5m/sketch_jun14a/sketch_jun14a.ino"},"range":{"start":{"line":9,"character":23},"end":{"line":9,"character":23}},"context":{"diagnostics":[]}}}
>>>
Content-Length: 36

{"id":6,"result":[],"jsonrpc":"2.0"}
<<<
Content-Length: 239

{"jsonrpc":"2.0","method":"textDocument/didOpen","params":{"textDocument":{"uri":"file:///c%3A/Users/NEXT/AppData/Local/Temp/.arduinoIDE-unsaved2021514-2216-1t5w1sb.jw5m/sketch_jun14a/contador.h","languageId":"cpp","version":1,"text":""}}}
>>>
Content-Length: 111

{"method":"window/workDoneProgress/create","params":{"token":"backgroundIndexProgress"},"id":2,"jsonrpc":"2.0"}
<<<
Content-Length: 38

{"jsonrpc":"2.0","id":2,"result":null}
>>>
Content-Length: 143

{"method":"$/progress","params":{"token":"backgroundIndexProgress","value":{"title":"indexing","percentage":0,"kind":"begin"}},"jsonrpc":"2.0"}Content-Length: 107

{"method":"$/progress","params":{"token":"backgroundIndexProgress","value":{"kind":"end"}},"jsonrpc":"2.0"}Content-Length: 209

{"method":"textDocument/publishDiagnostics","params":{"uri":"file:///c%3A/Users/NEXT/AppData/Local/Temp/.arduinoIDE-unsaved2021514-2216-1t5w1sb.jw5m/sketch_jun14a/contador.h","diagnostics":[]},"jsonrpc":"2.0"}
<<<
Content-Length: 706

{"jsonrpc":"2.0","method":"textDocument/didChange","params":{"textDocument":{"uri":"file:///c%3A/Users/NEXT/AppData/Local/Temp/.arduinoIDE-unsaved2021514-2216-1t5w1sb.jw5m/sketch_jun14a/contador.h","version":2},"contentChanges":[{"range":{"start":{"line":0,"character":0},"end":{"line":0,"character":0}},"rangeLength":0,"text":"class Contador\r\n   {  private:\r\n         int N ;\r\n \r\n      public:\r\n         Contador( ) ;                  // Constructor\r\n         void SetContador( int n) ;     // Declaracion de funcion externa\r\n         void Incrementar() ;           // Declaracion de funcion externa\r\n         int GetCont() ;                // Declaracion de funcion externa\r\n   } ;"}]}}Content-Length: 311

{"jsonrpc":"2.0","id":7,"method":"textDocument/codeAction","params":{"textDocument":{"uri":"file:///c%3A/Users/NEXT/AppData/Local/Temp/.arduinoIDE-unsaved2021514-2216-1t5w1sb.jw5m/sketch_jun14a/contador.h"},"range":{"start":{"line":9,"character":6},"end":{"line":9,"character":6}},"context":{"diagnostics":[]}}}
>>>
Content-Length: 209

{"method":"textDocument/publishDiagnostics","params":{"uri":"file:///c%3A/Users/NEXT/AppData/Local/Temp/.arduinoIDE-unsaved2021514-2216-1t5w1sb.jw5m/sketch_jun14a/contador.h","diagnostics":[]},"jsonrpc":"2.0"}Content-Length: 36

{"id":7,"result":[],"jsonrpc":"2.0"}
<<<
Content-Length: 210

{"jsonrpc":"2.0","method":"textDocument/didSave","params":{"textDocument":{"uri":"file:///c%3A/Users/NEXT/AppData/Local/Temp/.arduinoIDE-unsaved2021514-2216-1t5w1sb.jw5m/sketch_jun14a/contador.h","version":2}}}
>>>
Content-Length: 776

{"method":"textDocument/publishDiagnostics","params":{"uri":"file:///c%3A/Users/NEXT/AppData/Local/Temp/.arduinoIDE-unsaved2021514-2216-1t5w1sb.jw5m/sketch_jun14a/sketch_jun14a.ino","diagnostics":[{"range":{"start":{"line":2,"character":7},"end":{"line":2,"character":15}},"severity":1,"code":"undeclared_var_use","source":"clang","message":"Use of undeclared identifier 'Contador'"},{"range":{"start":{"line":5,"character":8},"end":{"line":5,"character":16}},"severity":1,"code":"undeclared_var_use","source":"clang","message":"Use of undeclared identifier 'Contador'"},{"range":{"start":{"line":8,"character":7},"end":{"line":8,"character":15}},"severity":1,"code":"undeclared_var_use","source":"clang","message":"Use of undeclared identifier 'Contador'"}]},"jsonrpc":"2.0"}
<<<
Content-Length: 320

{"jsonrpc":"2.0","id":8,"method":"textDocument/codeAction","params":{"textDocument":{"uri":"file:///c%3A/Users/NEXT/AppData/Local/Temp/.arduinoIDE-unsaved2021514-2216-1t5w1sb.jw5m/sketch_jun14a/sketch_jun14a.ino"},"range":{"start":{"line":9,"character":23},"end":{"line":9,"character":23}},"context":{"diagnostics":[]}}}
>>>
Content-Length: 36

{"id":8,"result":[],"jsonrpc":"2.0"}
<<<
Content-Length: 246

{"jsonrpc":"2.0","id":9,"method":"textDocument/hover","params":{"textDocument":{"uri":"file:///c%3A/Users/NEXT/AppData/Local/Temp/.arduinoIDE-unsaved2021514-2216-1t5w1sb.jw5m/sketch_jun14a/sketch_jun14a.ino"},"position":{"line":5,"character":5}}}
>>>
Content-Length: 38

{"id":9,"result":null,"jsonrpc":"2.0"}
<<<
Content-Length: 248

{"jsonrpc":"2.0","id":10,"method":"textDocument/hover","params":{"textDocument":{"uri":"file:///c%3A/Users/NEXT/AppData/Local/Temp/.arduinoIDE-unsaved2021514-2216-1t5w1sb.jw5m/sketch_jun14a/sketch_jun14a.ino"},"position":{"line":5,"character":27}}}
>>>
Content-Length: 39

{"id":10,"result":null,"jsonrpc":"2.0"}
<<<
Content-Length: 880

{"jsonrpc":"2.0","id":11,"method":"textDocument/codeAction","params":{"textDocument":{"uri":"file:///c%3A/Users/NEXT/AppData/Local/Temp/.arduinoIDE-unsaved2021514-2216-1t5w1sb.jw5m/sketch_jun14a/sketch_jun14a.ino"},"range":{"start":{"line":0,"character":0},"end":{"line":9,"character":23}},"context":{"diagnostics":[{"range":{"start":{"line":2,"character":7},"end":{"line":2,"character":15}},"message":"Use of undeclared identifier 'Contador'","severity":1,"code":"undeclared_var_use","source":"clang"},{"range":{"start":{"line":5,"character":8},"end":{"line":5,"character":16}},"message":"Use of undeclared identifier 'Contador'","severity":1,"code":"undeclared_var_use","source":"clang"},{"range":{"start":{"line":8,"character":7},"end":{"line":8,"character":15}},"message":"Use of undeclared identifier 'Contador'","severity":1,"code":"undeclared_var_use","source":"clang"}]}}}
>>>
Content-Length: 37

{"id":11,"result":[],"jsonrpc":"2.0"}
<<<
Content-Length: 247

{"jsonrpc":"2.0","id":12,"method":"textDocument/hover","params":{"textDocument":{"uri":"file:///c%3A/Users/NEXT/AppData/Local/Temp/.arduinoIDE-unsaved2021514-2216-1t5w1sb.jw5m/sketch_jun14a/sketch_jun14a.ino"},"position":{"line":3,"character":7}}}
>>>
Content-Length: 39

{"id":12,"result":null,"jsonrpc":"2.0"}
<<<
Content-Length: 343

{"jsonrpc":"2.0","method":"textDocument/didChange","params":{"textDocument":{"uri":"file:///c%3A/Users/NEXT/AppData/Local/Temp/.arduinoIDE-unsaved2021514-2216-1t5w1sb.jw5m/sketch_jun14a/sketch_jun14a.ino","version":3},"contentChanges":[{"range":{"start":{"line":0,"character":0},"end":{"line":9,"character":23}},"rangeLength":212,"text":""}]}}
>>>
Content-Length: 216

{"method":"textDocument/publishDiagnostics","params":{"uri":"file:///c%3A/Users/NEXT/AppData/Local/Temp/.arduinoIDE-unsaved2021514-2216-1t5w1sb.jw5m/sketch_jun14a/sketch_jun14a.ino","diagnostics":[]},"jsonrpc":"2.0"}
<<<
Content-Length: 217

{"jsonrpc":"2.0","method":"textDocument/didSave","params":{"textDocument":{"uri":"file:///c%3A/Users/NEXT/AppData/Local/Temp/.arduinoIDE-unsaved2021514-2216-1t5w1sb.jw5m/sketch_jun14a/sketch_jun14a.ino","version":3}}}
>>>
Content-Length: 116

{"method":"window/workDoneProgress/create","params":{"token":"arduinoLanguageServerRebuild"},"id":3,"jsonrpc":"2.0"}
<<<
Content-Length: 38

{"jsonrpc":"2.0","id":3,"result":null}
>>>
Content-Length: 140

{"method":"$/progress","params":{"token":"arduinoLanguageServerRebuild","value":{"title":"Building sketch","kind":"begin"}},"jsonrpc":"2.0"}Content-Length: 138

{"method":"$/progress","params":{"token":"arduinoLanguageServerRebuild","value":{"message":"compiling.","kind":"report"}},"jsonrpc":"2.0"}Content-Length: 139

{"method":"$/progress","params":{"token":"arduinoLanguageServerRebuild","value":{"message":"compiling..","kind":"report"}},"jsonrpc":"2.0"}Content-Length: 140

{"method":"$/progress","params":{"token":"arduinoLanguageServerRebuild","value":{"message":"compiling...","kind":"report"}},"jsonrpc":"2.0"}Content-Length: 129

{"method":"$/progress","params":{"token":"arduinoLanguageServerRebuild","value":{"message":"done","kind":"end"}},"jsonrpc":"2.0"}
<<<
Content-Length: 241

{"jsonrpc":"2.0","method":"textDocument/didOpen","params":{"textDocument":{"uri":"file:///c%3A/Users/NEXT/AppData/Local/Temp/.arduinoIDE-unsaved2021514-2216-1t5w1sb.jw5m/sketch_jun14a/contador.cpp","languageId":"cpp","version":1,"text":""}}}
>>>
Content-Length: 111

{"method":"window/workDoneProgress/create","params":{"token":"backgroundIndexProgress"},"id":4,"jsonrpc":"2.0"}
<<<
Content-Length: 38

{"jsonrpc":"2.0","id":4,"result":null}
>>>
Content-Length: 143

{"method":"$/progress","params":{"token":"backgroundIndexProgress","value":{"title":"indexing","percentage":0,"kind":"begin"}},"jsonrpc":"2.0"}Content-Length: 107

{"method":"$/progress","params":{"token":"backgroundIndexProgress","value":{"kind":"end"}},"jsonrpc":"2.0"}Content-Length: 211

{"method":"textDocument/publishDiagnostics","params":{"uri":"file:///c%3A/Users/NEXT/AppData/Local/Temp/.arduinoIDE-unsaved2021514-2216-1t5w1sb.jw5m/sketch_jun14a/contador.cpp","diagnostics":[]},"jsonrpc":"2.0"}
<<<
Content-Length: 574

{"jsonrpc":"2.0","method":"textDocument/didChange","params":{"textDocument":{"uri":"file:///c%3A/Users/NEXT/AppData/Local/Temp/.arduinoIDE-unsaved2021514-2216-1t5w1sb.jw5m/sketch_jun14a/contador.cpp","version":2},"contentChanges":[{"range":{"start":{"line":0,"character":0},"end":{"line":0,"character":0}},"rangeLength":0,"text":"#include &amp;amp;lt;Contador.h&amp;amp;gt;\r\n  \r\n  void Contador::SetContador( int n)\r\n        {  N = n ;  }\r\n \r\n   void Contador::Incrementar()\r\n        {  N++ ; }\r\n  \r\n   int Contador::GetCont()\r\n        { return (N) ;}"}]}}Content-Length: 316

{"jsonrpc":"2.0","id":13,"method":"textDocument/codeAction","params":{"textDocument":{"uri":"file:///c%3A/Users/NEXT/AppData/Local/Temp/.arduinoIDE-unsaved2021514-2216-1t5w1sb.jw5m/sketch_jun14a/contador.cpp"},"range":{"start":{"line":9,"character":23},"end":{"line":9,"character":23}},"context":{"diagnostics":[]}}}
>>>
Content-Length: 965

{"method":"textDocument/publishDiagnostics","params":{"uri":"file:///c%3A/Users/NEXT/AppData/Local/Temp/.arduinoIDE-unsaved2021514-2216-1t5w1sb.jw5m/sketch_jun14a/contador.cpp","diagnostics":[{"range":{"start":{"line":0,"character":9},"end":{"line":0,"character":10}},"severity":1,"code":"pp_expects_filename","source":"clang","message":"Expected \"FILENAME\" or \u003cFILENAME\u003e"},{"range":{"start":{"line":2,"character":7},"end":{"line":2,"character":15}},"severity":1,"code":"undeclared_var_use","source":"clang","message":"Use of undeclared identifier 'Contador'"},{"range":{"start":{"line":5,"character":8},"end":{"line":5,"character":16}},"severity":1,"code":"undeclared_var_use","source":"clang","message":"Use of undeclared identifier 'Contador'"},{"range":{"start":{"line":8,"character":7},"end":{"line":8,"character":15}},"severity":1,"code":"undeclared_var_use","source":"clang","message":"Use of undeclared identifier 'Contador'"}]},"jsonrpc":"2.0"}Content-Length: 37

{"id":13,"result":[],"jsonrpc":"2.0"}
<<<
Content-Length: 212

{"jsonrpc":"2.0","method":"textDocument/didSave","params":{"textDocument":{"uri":"file:///c%3A/Users/NEXT/AppData/Local/Temp/.arduinoIDE-unsaved2021514-2216-1t5w1sb.jw5m/sketch_jun14a/contador.cpp","version":2}}}Content-Length: 316

{"jsonrpc":"2.0","id":14,"method":"textDocument/codeAction","params":{"textDocument":{"uri":"file:///c%3A/Users/NEXT/AppData/Local/Temp/.arduinoIDE-unsaved2021514-2216-1t5w1sb.jw5m/sketch_jun14a/contador.cpp"},"range":{"start":{"line":9,"character":23},"end":{"line":9,"character":23}},"context":{"diagnostics":[]}}}
>>>
Content-Length: 37

{"id":14,"result":[],"jsonrpc":"2.0"}Content-Length: 209

{"method":"textDocument/publishDiagnostics","params":{"uri":"file:///c%3A/Users/NEXT/AppData/Local/Temp/.arduinoIDE-unsaved2021514-2216-1t5w1sb.jw5m/sketch_jun14a/contador.h","diagnostics":[]},"jsonrpc":"2.0"}
<<<
Content-Length: 787

{"jsonrpc":"2.0","method":"textDocument/didChange","params":{"textDocument":{"uri":"file:///c%3A/Users/NEXT/AppData/Local/Temp/.arduinoIDE-unsaved2021514-2216-1t5w1sb.jw5m/sketch_jun14a/sketch_jun14a.ino","version":4},"contentChanges":[{"range":{"start":{"line":0,"character":0},"end":{"line":0,"character":0}},"rangeLength":0,"text":"class Contador\n   {  private:\n         int N ;\n \n      public:   \n         Contador( ) ;              // Constructor\n         Contador( int k ) ;        // Constructor\n         void SetContador( int n) ;\n         void Incrementar() ;\n         int GetCont() ;\n   } ;\n \nContador::Contador( )           // Constructor\n    { N = 0 ; }       \nContador::Contador( int k)         // Constructor\n    { N = k ; }   \n \nContador C1, C2(23) ;"}]}}Content-Length: 323

{"jsonrpc":"2.0","id":15,"method":"textDocument/codeAction","params":{"textDocument":{"uri":"file:///c%3A/Users/NEXT/AppData/Local/Temp/.arduinoIDE-unsaved2021514-2216-1t5w1sb.jw5m/sketch_jun14a/sketch_jun14a.ino"},"range":{"start":{"line":17,"character":21},"end":{"line":17,"character":21}},"context":{"diagnostics":[]}}}
>>>
Content-Length: 37

{"id":15,"result":[],"jsonrpc":"2.0"}
<<<
Content-Length: 217

{"jsonrpc":"2.0","method":"textDocument/didSave","params":{"textDocument":{"uri":"file:///c%3A/Users/NEXT/AppData/Local/Temp/.arduinoIDE-unsaved2021514-2216-1t5w1sb.jw5m/sketch_jun14a/sketch_jun14a.ino","version":4}}}Content-Length: 249

{"jsonrpc":"2.0","id":16,"method":"textDocument/hover","params":{"textDocument":{"uri":"file:///c%3A/Users/NEXT/AppData/Local/Temp/.arduinoIDE-unsaved2021514-2216-1t5w1sb.jw5m/sketch_jun14a/sketch_jun14a.ino"},"position":{"line":14,"character":43}}}
>>>
Content-Length: 39

{"id":16,"result":null,"jsonrpc":"2.0"}
<<<
Content-Length: 217

{"jsonrpc":"2.0","method":"textDocument/didSave","params":{"textDocument":{"uri":"file:///c%3A/Users/NEXT/AppData/Local/Temp/.arduinoIDE-unsaved2021514-2216-1t5w1sb.jw5m/sketch_jun14a/sketch_jun14a.ino","version":4}}}Content-Length: 210

{"jsonrpc":"2.0","method":"textDocument/didSave","params":{"textDocument":{"uri":"file:///c%3A/Users/NEXT/AppData/Local/Temp/.arduinoIDE-unsaved2021514-2216-1t5w1sb.jw5m/sketch_jun14a/contador.h","version":2}}}Content-Length: 212

{"jsonrpc":"2.0","method":"textDocument/didSave","params":{"textDocument":{"uri":"file:///c%3A/Users/NEXT/AppData/Local/Temp/.arduinoIDE-unsaved2021514-2216-1t5w1sb.jw5m/sketch_jun14a/contador.cpp","version":2}}}






Started logging.

<<<
Content-Length: 3167

{"jsonrpc":"2.0","id":0,"method":"initialize","params":{"processId":8020,"clientInfo":{"name":"vscode","version":"1.50.0"},"rootPath":"c:\\Users\\NEXT\\Documents\\Arduino\\prueba contador orientado a objetos","rootUri":"file:///c%3A/Users/NEXT/Documents/Arduino/prueba%20contador%20orientado%20a%20objetos","capabilities":{"workspace":{"applyEdit":true,"workspaceEdit":{"documentChanges":true,"resourceOperations":["create","rename","delete"],"failureHandling":"textOnlyTransactional"},"didChangeConfiguration":{"dynamicRegistration":true},"didChangeWatchedFiles":{"dynamicRegistration":true},"symbol":{"dynamicRegistration":true,"symbolKind":{"valueSet":[1,2,3,4,5,6,7,8,9,10,11,12,13,14,15,16,17,18,19,20,21,22,23,24,25,26]}},"executeCommand":{"dynamicRegistration":true},"configuration":true,"workspaceFolders":true},"textDocument":{"publishDiagnostics":{"relatedInformation":true,"versionSupport":false,"tagSupport":{"valueSet":[1,2]}},"synchronization":{"dynamicRegistration":true,"willSave":true,"willSaveWaitUntil":true,"didSave":true},"completion":{"dynamicRegistration":true,"contextSupport":true,"completionItem":{"snippetSupport":true,"commitCharactersSupport":true,"documentationFormat":["markdown","plaintext"],"deprecatedSupport":true,"preselectSupport":true,"tagSupport":{"valueSet":[1]}},"completionItemKind":{"valueSet":[1,2,3,4,5,6,7,8,9,10,11,12,13,14,15,16,17,18,19,20,21,22,23,24,25]}},"hover":{"dynamicRegistration":true,"contentFormat":["markdown","plaintext"]},"signatureHelp":{"dynamicRegistration":true,"signatureInformation":{"documentationFormat":["markdown","plaintext"],"parameterInformation":{"labelOffsetSupport":true}},"contextSupport":true},"definition":{"dynamicRegistration":true,"linkSupport":true},"references":{"dynamicRegistration":true},"documentHighlight":{"dynamicRegistration":true},"documentSymbol":{"dynamicRegistration":true,"symbolKind":{"valueSet":[1,2,3,4,5,6,7,8,9,10,11,12,13,14,15,16,17,18,19,20,21,22,23,24,25,26]},"hierarchicalDocumentSymbolSupport":true},"codeAction":{"dynamicRegistration":true,"isPreferredSupport":true,"codeActionLiteralSupport":{"codeActionKind":{"valueSet":["","quickfix","refactor","refactor.extract","refactor.inline","refactor.rewrite","source","source.organizeImports"]}}},"codeLens":{"dynamicRegistration":true},"formatting":{"dynamicRegistration":true},"rangeFormatting":{"dynamicRegistration":true},"onTypeFormatting":{"dynamicRegistration":true},"rename":{"dynamicRegistration":true,"prepareSupport":true},"documentLink":{"dynamicRegistration":true,"tooltipSupport":true},"typeDefinition":{"dynamicRegistration":true,"linkSupport":true},"implementation":{"dynamicRegistration":true,"linkSupport":true},"colorProvider":{"dynamicRegistration":true},"foldingRange":{"dynamicRegistration":true,"rangeLimit":5000,"lineFoldingOnly":true},"declaration":{"dynamicRegistration":true,"linkSupport":true},"selectionRange":{"dynamicRegistration":true}},"window":{"workDoneProgress":true}},"initializationOptions":{},"trace":"off","workspaceFolders":[{"uri":"file:///c%3A/Users/NEXT/Documents/Arduino/prueba%20contador%20orientado%20a%20objetos","name":"prueba contador orientado a objetos"}]}}
>>>
Content-Length: 598

{"id":0,"result":{"capabilities":{"textDocumentSync":2,"hoverProvider":true,"completionProvider":{"triggerCharacters":[".","\u003e",":"]},"signatureHelpProvider":{"triggerCharacters":["(",","]},"definitionProvider":true,"documentHighlightProvider":true,"documentSymbolProvider":true,"workspaceSymbolProvider":true,"codeActionProvider":true,"documentFormattingProvider":true,"documentRangeFormattingProvider":true,"documentOnTypeFormattingProvider":{"firstTriggerCharacter":"\n"},"renameProvider":false,"executeCommandProvider":{"commands":["clangd.applyFix","clangd.applyTweak"]}}},"jsonrpc":"2.0"}
<<<
Content-Length: 52

{"jsonrpc":"2.0","method":"initialized","params":{}}Content-Length: 707

{"jsonrpc":"2.0","method":"textDocument/didOpen","params":{"textDocument":{"uri":"file:///c%3A/Users/NEXT/Documents/Arduino/prueba%20contador%20orientado%20a%20objetos/prueba%20contador%20orientado%20a%20objetos.ino","languageId":"cpp","version":1,"text":"class Contador\n   {  private:\n         int N ;\n \n      public:   \n         Contador( ) ;              // Constructor\n         Contador( int k ) ;        // Constructor\n         void SetContador( int n) ;\n         void Incrementar() ;\n         int GetCont() ;\n   } ;\n \nContador::Contador( )           // Constructor\n    { N = 0 ; }       \nContador::Contador( int k)         // Constructor\n    { N = k ; }   \n \nContador C1, C2(23) ;"}}}Content-Length: 464

{"jsonrpc":"2.0","method":"textDocument/didOpen","params":{"textDocument":{"uri":"file:///c%3A/Users/NEXT/Documents/Arduino/prueba%20contador%20orientado%20a%20objetos/contador.cpp","languageId":"cpp","version":1,"text":"#include &amp;amp;lt;Contador.h&amp;amp;gt;\r\n  \r\n  void Contador::SetContador( int n)\r\n        {  N = n ;  }\r\n \r\n   void Contador::Incrementar()\r\n        {  N++ ; }\r\n  \r\n   int Contador::GetCont()\r\n        { return (N) ;}"}}}Content-Length: 596

{"jsonrpc":"2.0","method":"textDocument/didOpen","params":{"textDocument":{"uri":"file:///c%3A/Users/NEXT/Documents/Arduino/prueba%20contador%20orientado%20a%20objetos/contador.h","languageId":"cpp","version":1,"text":"class Contador\r\n   {  private:\r\n         int N ;\r\n \r\n      public:\r\n         Contador( ) ;                  // Constructor\r\n         void SetContador( int n) ;     // Declaracion de funcion externa\r\n         void Incrementar() ;           // Declaracion de funcion externa\r\n         int GetCont() ;                // Declaracion de funcion externa\r\n   } ;"}}}
>>>
Content-Length: 111

{"method":"window/workDoneProgress/create","params":{"token":"backgroundIndexProgress"},"id":0,"jsonrpc":"2.0"}
<<<
Content-Length: 332

{"jsonrpc":"2.0","id":1,"method":"textDocument/codeAction","params":{"textDocument":{"uri":"file:///c%3A/Users/NEXT/Documents/Arduino/prueba%20contador%20orientado%20a%20objetos/prueba%20contador%20orientado%20a%20objetos.ino"},"range":{"start":{"line":0,"character":0},"end":{"line":0,"character":0}},"context":{"diagnostics":[]}}}Content-Length: 297

{"jsonrpc":"2.0","id":2,"method":"textDocument/codeAction","params":{"textDocument":{"uri":"file:///c%3A/Users/NEXT/Documents/Arduino/prueba%20contador%20orientado%20a%20objetos/contador.cpp"},"range":{"start":{"line":0,"character":0},"end":{"line":0,"character":0}},"context":{"diagnostics":[]}}}Content-Length: 295

{"jsonrpc":"2.0","id":3,"method":"textDocument/codeAction","params":{"textDocument":{"uri":"file:///c%3A/Users/NEXT/Documents/Arduino/prueba%20contador%20orientado%20a%20objetos/contador.h"},"range":{"start":{"line":0,"character":0},"end":{"line":0,"character":0}},"context":{"diagnostics":[]}}}Content-Length: 38

{"jsonrpc":"2.0","id":0,"result":null}
>>>
Content-Length: 193

{"method":"textDocument/publishDiagnostics","params":{"uri":"file:///c%3A/Users/NEXT/Documents/Arduino/prueba%20contador%20orientado%20a%20objetos/contador.h","diagnostics":[]},"jsonrpc":"2.0"}Content-Length: 949

{"method":"textDocument/publishDiagnostics","params":{"uri":"file:///c%3A/Users/NEXT/Documents/Arduino/prueba%20contador%20orientado%20a%20objetos/contador.cpp","diagnostics":[{"range":{"start":{"line":0,"character":9},"end":{"line":0,"character":10}},"severity":1,"code":"pp_expects_filename","source":"clang","message":"Expected \"FILENAME\" or \u003cFILENAME\u003e"},{"range":{"start":{"line":2,"character":7},"end":{"line":2,"character":15}},"severity":1,"code":"undeclared_var_use","source":"clang","message":"Use of undeclared identifier 'Contador'"},{"range":{"start":{"line":5,"character":8},"end":{"line":5,"character":16}},"severity":1,"code":"undeclared_var_use","source":"clang","message":"Use of undeclared identifier 'Contador'"},{"range":{"start":{"line":8,"character":7},"end":{"line":8,"character":15}},"severity":1,"code":"undeclared_var_use","source":"clang","message":"Use of undeclared identifier 'Contador'"}]},"jsonrpc":"2.0"}Content-Length: 36

{"id":1,"result":[],"jsonrpc":"2.0"}Content-Length: 36

{"id":2,"result":[],"jsonrpc":"2.0"}Content-Length: 36

{"id":3,"result":[],"jsonrpc":"2.0"}Content-Length: 143

{"method":"$/progress","params":{"token":"backgroundIndexProgress","value":{"title":"indexing","percentage":0,"kind":"begin"}},"jsonrpc":"2.0"}Content-Length: 159

{"method":"$/progress","params":{"token":"backgroundIndexProgress","value":{"message":"1/28","percentage":3.5714285714285716,"kind":"report"}},"jsonrpc":"2.0"}
<<<
Content-Length: 297

{"jsonrpc":"2.0","id":4,"method":"textDocument/codeAction","params":{"textDocument":{"uri":"file:///c%3A/Users/NEXT/Documents/Arduino/prueba%20contador%20orientado%20a%20objetos/contador.cpp"},"range":{"start":{"line":0,"character":0},"end":{"line":0,"character":0}},"context":{"diagnostics":[]}}}
>>>
Content-Length: 36

{"id":4,"result":[],"jsonrpc":"2.0"}Content-Length: 158

{"method":"$/progress","params":{"token":"backgroundIndexProgress","value":{"message":"2/28","percentage":7.142857142857143,"kind":"report"}},"jsonrpc":"2.0"}Content-Length: 159

{"method":"$/progress","params":{"token":"backgroundIndexProgress","value":{"message":"3/28","percentage":10.714285714285714,"kind":"report"}},"jsonrpc":"2.0"}Content-Length: 159

{"method":"$/progress","params":{"token":"backgroundIndexProgress","value":{"message":"3/28","percentage":10.714285714285714,"kind":"report"}},"jsonrpc":"2.0"}Content-Length: 159

{"method":"$/progress","params":{"token":"backgroundIndexProgress","value":{"message":"4/28","percentage":14.285714285714286,"kind":"report"}},"jsonrpc":"2.0"}Content-Length: 159

{"method":"$/progress","params":{"token":"backgroundIndexProgress","value":{"message":"4/28","percentage":14.285714285714286,"kind":"report"}},"jsonrpc":"2.0"}Content-Length: 159

{"method":"$/progress","params":{"token":"backgroundIndexProgress","value":{"message":"5/28","percentage":17.857142857142858,"kind":"report"}},"jsonrpc":"2.0"}Content-Length: 159

{"method":"$/progress","params":{"token":"backgroundIndexProgress","value":{"message":"5/28","percentage":17.857142857142858,"kind":"report"}},"jsonrpc":"2.0"}Content-Length: 159

{"method":"$/progress","params":{"token":"backgroundIndexProgress","value":{"message":"6/28","percentage":21.428571428571427,"kind":"report"}},"jsonrpc":"2.0"}Content-Length: 159

{"method":"$/progress","params":{"token":"backgroundIndexProgress","value":{"message":"6/28","percentage":21.428571428571427,"kind":"report"}},"jsonrpc":"2.0"}Content-Length: 143

{"method":"$/progress","params":{"token":"backgroundIndexProgress","value":{"message":"7/28","percentage":25,"kind":"report"}},"jsonrpc":"2.0"}Content-Length: 143

{"method":"$/progress","params":{"token":"backgroundIndexProgress","value":{"message":"7/28","percentage":25,"kind":"report"}},"jsonrpc":"2.0"}Content-Length: 159

{"method":"$/progress","params":{"token":"backgroundIndexProgress","value":{"message":"8/28","percentage":28.571428571428573,"kind":"report"}},"jsonrpc":"2.0"}Content-Length: 159

{"method":"$/progress","params":{"token":"backgroundIndexProgress","value":{"message":"8/28","percentage":28.571428571428573,"kind":"report"}},"jsonrpc":"2.0"}Content-Length: 159

{"method":"$/progress","params":{"token":"backgroundIndexProgress","value":{"message":"9/28","percentage":32.142857142857146,"kind":"report"}},"jsonrpc":"2.0"}Content-Length: 159

{"method":"$/progress","params":{"token":"backgroundIndexProgress","value":{"message":"9/28","percentage":32.142857142857146,"kind":"report"}},"jsonrpc":"2.0"}Content-Length: 160

{"method":"$/progress","params":{"token":"backgroundIndexProgress","value":{"message":"10/28","percentage":35.714285714285715,"kind":"report"}},"jsonrpc":"2.0"}Content-Length: 160

{"method":"$/progress","params":{"token":"backgroundIndexProgress","value":{"message":"10/28","percentage":35.714285714285715,"kind":"report"}},"jsonrpc":"2.0"}Content-Length: 160

{"method":"$/progress","params":{"token":"backgroundIndexProgress","value":{"message":"11/28","percentage":39.285714285714285,"kind":"report"}},"jsonrpc":"2.0"}Content-Length: 160

{"method":"$/progress","params":{"token":"backgroundIndexProgress","value":{"message":"11/28","percentage":39.285714285714285,"kind":"report"}},"jsonrpc":"2.0"}Content-Length: 160

{"method":"$/progress","params":{"token":"backgroundIndexProgress","value":{"message":"12/28","percentage":42.857142857142854,"kind":"report"}},"jsonrpc":"2.0"}Content-Length: 160

{"method":"$/progress","params":{"token":"backgroundIndexProgress","value":{"message":"12/28","percentage":42.857142857142854,"kind":"report"}},"jsonrpc":"2.0"}Content-Length: 159

{"method":"$/progress","params":{"token":"backgroundIndexProgress","value":{"message":"13/28","percentage":46.42857142857143,"kind":"report"}},"jsonrpc":"2.0"}Content-Length: 144

{"method":"$/progress","params":{"token":"backgroundIndexProgress","value":{"message":"14/28","percentage":50,"kind":"report"}},"jsonrpc":"2.0"}Content-Length: 144

{"method":"$/progress","params":{"token":"backgroundIndexProgress","value":{"message":"14/28","percentage":50,"kind":"report"}},"jsonrpc":"2.0"}Content-Length: 159

{"method":"$/progress","params":{"token":"backgroundIndexProgress","value":{"message":"15/28","percentage":53.57142857142857,"kind":"report"}},"jsonrpc":"2.0"}Content-Length: 159

{"method":"$/progress","params":{"token":"backgroundIndexProgress","value":{"message":"15/28","percentage":53.57142857142857,"kind":"report"}},"jsonrpc":"2.0"}Content-Length: 160

{"method":"$/progress","params":{"token":"backgroundIndexProgress","value":{"message":"16/28","percentage":57.142857142857146,"kind":"report"}},"jsonrpc":"2.0"}Content-Length: 160

{"method":"$/progress","params":{"token":"backgroundIndexProgress","value":{"message":"16/28","percentage":57.142857142857146,"kind":"report"}},"jsonrpc":"2.0"}Content-Length: 160

{"method":"$/progress","params":{"token":"backgroundIndexProgress","value":{"message":"17/28","percentage":60.714285714285715,"kind":"report"}},"jsonrpc":"2.0"}Content-Length: 160

{"method":"$/progress","params":{"token":"backgroundIndexProgress","value":{"message":"17/28","percentage":60.714285714285715,"kind":"report"}},"jsonrpc":"2.0"}Content-Length: 159

{"method":"$/progress","params":{"token":"backgroundIndexProgress","value":{"message":"18/28","percentage":64.28571428571429,"kind":"report"}},"jsonrpc":"2.0"}Content-Length: 159

{"method":"$/progress","params":{"token":"backgroundIndexProgress","value":{"message":"19/28","percentage":67.85714285714286,"kind":"report"}},"jsonrpc":"2.0"}Content-Length: 159

{"method":"$/progress","params":{"token":"backgroundIndexProgress","value":{"message":"20/28","percentage":71.42857142857143,"kind":"report"}},"jsonrpc":"2.0"}Content-Length: 159

{"method":"$/progress","params":{"token":"backgroundIndexProgress","value":{"message":"20/28","percentage":71.42857142857143,"kind":"report"}},"jsonrpc":"2.0"}Content-Length: 144

{"method":"$/progress","params":{"token":"backgroundIndexProgress","value":{"message":"21/28","percentage":75,"kind":"report"}},"jsonrpc":"2.0"}Content-Length: 159

{"method":"$/progress","params":{"token":"backgroundIndexProgress","value":{"message":"22/28","percentage":78.57142857142857,"kind":"report"}},"jsonrpc":"2.0"}Content-Length: 159

{"method":"$/progress","params":{"token":"backgroundIndexProgress","value":{"message":"22/28","percentage":78.57142857142857,"kind":"report"}},"jsonrpc":"2.0"}Content-Length: 159

{"method":"$/progress","params":{"token":"backgroundIndexProgress","value":{"message":"23/28","percentage":82.14285714285714,"kind":"report"}},"jsonrpc":"2.0"}Content-Length: 159

{"method":"$/progress","params":{"token":"backgroundIndexProgress","value":{"message":"23/28","percentage":82.14285714285714,"kind":"report"}},"jsonrpc":"2.0"}Content-Length: 159

{"method":"$/progress","params":{"token":"backgroundIndexProgress","value":{"message":"24/28","percentage":85.71428571428571,"kind":"report"}},"jsonrpc":"2.0"}Content-Length: 159

{"method":"$/progress","params":{"token":"backgroundIndexProgress","value":{"message":"24/28","percentage":85.71428571428571,"kind":"report"}},"jsonrpc":"2.0"}Content-Length: 159

{"method":"$/progress","params":{"token":"backgroundIndexProgress","value":{"message":"25/28","percentage":89.28571428571429,"kind":"report"}},"jsonrpc":"2.0"}Content-Length: 159

{"method":"$/progress","params":{"token":"backgroundIndexProgress","value":{"message":"26/28","percentage":92.85714285714286,"kind":"report"}},"jsonrpc":"2.0"}Content-Length: 159

{"method":"$/progress","params":{"token":"backgroundIndexProgress","value":{"message":"27/28","percentage":96.42857142857143,"kind":"report"}},"jsonrpc":"2.0"}Content-Length: 107

{"method":"$/progress","params":{"token":"backgroundIndexProgress","value":{"kind":"end"}},"jsonrpc":"2.0"}
<<<
Content-Length: 58

{"jsonrpc":"2.0","id":5,"method":"shutdown","params":null}
>>>
Content-Length: 38

{"id":5,"result":null,"jsonrpc":"2.0"}
<<<
Content-Length: 47

{"jsonrpc":"2.0","method":"exit","params":null}






Started logging.

<<<
Content-Length: 3167

{"jsonrpc":"2.0","id":0,"method":"initialize","params":{"processId":7348,"clientInfo":{"name":"vscode","version":"1.50.0"},"rootPath":"c:\\Users\\NEXT\\Documents\\Arduino\\prueba contador orientado a objetos","rootUri":"file:///c%3A/Users/NEXT/Documents/Arduino/prueba%20contador%20orientado%20a%20objetos","capabilities":{"workspace":{"applyEdit":true,"workspaceEdit":{"documentChanges":true,"resourceOperations":["create","rename","delete"],"failureHandling":"textOnlyTransactional"},"didChangeConfiguration":{"dynamicRegistration":true},"didChangeWatchedFiles":{"dynamicRegistration":true},"symbol":{"dynamicRegistration":true,"symbolKind":{"valueSet":[1,2,3,4,5,6,7,8,9,10,11,12,13,14,15,16,17,18,19,20,21,22,23,24,25,26]}},"executeCommand":{"dynamicRegistration":true},"configuration":true,"workspaceFolders":true},"textDocument":{"publishDiagnostics":{"relatedInformation":true,"versionSupport":false,"tagSupport":{"valueSet":[1,2]}},"synchronization":{"dynamicRegistration":true,"willSave":true,"willSaveWaitUntil":true,"didSave":true},"completion":{"dynamicRegistration":true,"contextSupport":true,"completionItem":{"snippetSupport":true,"commitCharactersSupport":true,"documentationFormat":["markdown","plaintext"],"deprecatedSupport":true,"preselectSupport":true,"tagSupport":{"valueSet":[1]}},"completionItemKind":{"valueSet":[1,2,3,4,5,6,7,8,9,10,11,12,13,14,15,16,17,18,19,20,21,22,23,24,25]}},"hover":{"dynamicRegistration":true,"contentFormat":["markdown","plaintext"]},"signatureHelp":{"dynamicRegistration":true,"signatureInformation":{"documentationFormat":["markdown","plaintext"],"parameterInformation":{"labelOffsetSupport":true}},"contextSupport":true},"definition":{"dynamicRegistration":true,"linkSupport":true},"references":{"dynamicRegistration":true},"documentHighlight":{"dynamicRegistration":true},"documentSymbol":{"dynamicRegistration":true,"symbolKind":{"valueSet":[1,2,3,4,5,6,7,8,9,10,11,12,13,14,15,16,17,18,19,20,21,22,23,24,25,26]},"hierarchicalDocumentSymbolSupport":true},"codeAction":{"dynamicRegistration":true,"isPreferredSupport":true,"codeActionLiteralSupport":{"codeActionKind":{"valueSet":["","quickfix","refactor","refactor.extract","refactor.inline","refactor.rewrite","source","source.organizeImports"]}}},"codeLens":{"dynamicRegistration":true},"formatting":{"dynamicRegistration":true},"rangeFormatting":{"dynamicRegistration":true},"onTypeFormatting":{"dynamicRegistration":true},"rename":{"dynamicRegistration":true,"prepareSupport":true},"documentLink":{"dynamicRegistration":true,"tooltipSupport":true},"typeDefinition":{"dynamicRegistration":true,"linkSupport":true},"implementation":{"dynamicRegistration":true,"linkSupport":true},"colorProvider":{"dynamicRegistration":true},"foldingRange":{"dynamicRegistration":true,"rangeLimit":5000,"lineFoldingOnly":true},"declaration":{"dynamicRegistration":true,"linkSupport":true},"selectionRange":{"dynamicRegistration":true}},"window":{"workDoneProgress":true}},"initializationOptions":{},"trace":"off","workspaceFolders":[{"uri":"file:///c%3A/Users/NEXT/Documents/Arduino/prueba%20contador%20orientado%20a%20objetos","name":"prueba contador orientado a objetos"}]}}
>>>
Content-Length: 598

{"id":0,"result":{"capabilities":{"textDocumentSync":2,"hoverProvider":true,"completionProvider":{"triggerCharacters":[".","\u003e",":"]},"signatureHelpProvider":{"triggerCharacters":["(",","]},"definitionProvider":true,"documentHighlightProvider":true,"documentSymbolProvider":true,"workspaceSymbolProvider":true,"codeActionProvider":true,"documentFormattingProvider":true,"documentRangeFormattingProvider":true,"documentOnTypeFormattingProvider":{"firstTriggerCharacter":"\n"},"renameProvider":false,"executeCommandProvider":{"commands":["clangd.applyFix","clangd.applyTweak"]}}},"jsonrpc":"2.0"}
<<<
Content-Length: 52

{"jsonrpc":"2.0","method":"initialized","params":{}}Content-Length: 596

{"jsonrpc":"2.0","method":"textDocument/didOpen","params":{"textDocument":{"uri":"file:///c%3A/Users/NEXT/Documents/Arduino/prueba%20contador%20orientado%20a%20objetos/contador.h","languageId":"cpp","version":1,"text":"class Contador\r\n   {  private:\r\n         int N ;\r\n \r\n      public:\r\n         Contador( ) ;                  // Constructor\r\n         void SetContador( int n) ;     // Declaracion de funcion externa\r\n         void Incrementar() ;           // Declaracion de funcion externa\r\n         int GetCont() ;                // Declaracion de funcion externa\r\n   } ;"}}}Content-Length: 464

{"jsonrpc":"2.0","method":"textDocument/didOpen","params":{"textDocument":{"uri":"file:///c%3A/Users/NEXT/Documents/Arduino/prueba%20contador%20orientado%20a%20objetos/contador.cpp","languageId":"cpp","version":1,"text":"#include &amp;amp;lt;Contador.h&amp;amp;gt;\r\n  \r\n  void Contador::SetContador( int n)\r\n        {  N = n ;  }\r\n \r\n   void Contador::Incrementar()\r\n        {  N++ ; }\r\n  \r\n   int Contador::GetCont()\r\n        { return (N) ;}"}}}Content-Length: 707

{"jsonrpc":"2.0","method":"textDocument/didOpen","params":{"textDocument":{"uri":"file:///c%3A/Users/NEXT/Documents/Arduino/prueba%20contador%20orientado%20a%20objetos/prueba%20contador%20orientado%20a%20objetos.ino","languageId":"cpp","version":1,"text":"class Contador\n   {  private:\n         int N ;\n \n      public:   \n         Contador( ) ;              // Constructor\n         Contador( int k ) ;        // Constructor\n         void SetContador( int n) ;\n         void Incrementar() ;\n         int GetCont() ;\n   } ;\n \nContador::Contador( )           // Constructor\n    { N = 0 ; }       \nContador::Contador( int k)         // Constructor\n    { N = k ; }   \n \nContador C1, C2(23) ;"}}}Content-Length: 295

{"jsonrpc":"2.0","id":1,"method":"textDocument/codeAction","params":{"textDocument":{"uri":"file:///c%3A/Users/NEXT/Documents/Arduino/prueba%20contador%20orientado%20a%20objetos/contador.h"},"range":{"start":{"line":0,"character":0},"end":{"line":0,"character":0}},"context":{"diagnostics":[]}}}Content-Length: 297

{"jsonrpc":"2.0","id":2,"method":"textDocument/codeAction","params":{"textDocument":{"uri":"file:///c%3A/Users/NEXT/Documents/Arduino/prueba%20contador%20orientado%20a%20objetos/contador.cpp"},"range":{"start":{"line":0,"character":0},"end":{"line":0,"character":0}},"context":{"diagnostics":[]}}}Content-Length: 332

{"jsonrpc":"2.0","id":3,"method":"textDocument/codeAction","params":{"textDocument":{"uri":"file:///c%3A/Users/NEXT/Documents/Arduino/prueba%20contador%20orientado%20a%20objetos/prueba%20contador%20orientado%20a%20objetos.ino"},"range":{"start":{"line":0,"character":0},"end":{"line":0,"character":0}},"context":{"diagnostics":[]}}}
>>>
Content-Length: 111

{"method":"window/workDoneProgress/create","params":{"token":"backgroundIndexProgress"},"id":0,"jsonrpc":"2.0"}Content-Length: 193

{"method":"textDocument/publishDiagnostics","params":{"uri":"file:///c%3A/Users/NEXT/Documents/Arduino/prueba%20contador%20orientado%20a%20objetos/contador.h","diagnostics":[]},"jsonrpc":"2.0"}Content-Length: 36

{"id":1,"result":[],"jsonrpc":"2.0"}Content-Length: 949

{"method":"textDocument/publishDiagnostics","params":{"uri":"file:///c%3A/Users/NEXT/Documents/Arduino/prueba%20contador%20orientado%20a%20objetos/contador.cpp","diagnostics":[{"range":{"start":{"line":0,"character":9},"end":{"line":0,"character":10}},"severity":1,"code":"pp_expects_filename","source":"clang","message":"Expected \"FILENAME\" or \u003cFILENAME\u003e"},{"range":{"start":{"line":2,"character":7},"end":{"line":2,"character":15}},"severity":1,"code":"undeclared_var_use","source":"clang","message":"Use of undeclared identifier 'Contador'"},{"range":{"start":{"line":5,"character":8},"end":{"line":5,"character":16}},"severity":1,"code":"undeclared_var_use","source":"clang","message":"Use of undeclared identifier 'Contador'"},{"range":{"start":{"line":8,"character":7},"end":{"line":8,"character":15}},"severity":1,"code":"undeclared_var_use","source":"clang","message":"Use of undeclared identifier 'Contador'"}]},"jsonrpc":"2.0"}Content-Length: 36

{"id":2,"result":[],"jsonrpc":"2.0"}Content-Length: 36

{"id":3,"result":[],"jsonrpc":"2.0"}
<<<
Content-Length: 38

{"jsonrpc":"2.0","id":0,"result":null}
>>>
Content-Length: 143

{"method":"$/progress","params":{"token":"backgroundIndexProgress","value":{"title":"indexing","percentage":0,"kind":"begin"}},"jsonrpc":"2.0"}Content-Length: 159

{"method":"$/progress","params":{"token":"backgroundIndexProgress","value":{"message":"1/28","percentage":3.5714285714285716,"kind":"report"}},"jsonrpc":"2.0"}Content-Length: 158

{"method":"$/progress","params":{"token":"backgroundIndexProgress","value":{"message":"2/28","percentage":7.142857142857143,"kind":"report"}},"jsonrpc":"2.0"}
<<<
Content-Length: 297

{"jsonrpc":"2.0","id":4,"method":"textDocument/codeAction","params":{"textDocument":{"uri":"file:///c%3A/Users/NEXT/Documents/Arduino/prueba%20contador%20orientado%20a%20objetos/contador.cpp"},"range":{"start":{"line":0,"character":0},"end":{"line":0,"character":0}},"context":{"diagnostics":[]}}}
>>>
Content-Length: 36

{"id":4,"result":[],"jsonrpc":"2.0"}Content-Length: 159

{"method":"$/progress","params":{"token":"backgroundIndexProgress","value":{"message":"3/28","percentage":10.714285714285714,"kind":"report"}},"jsonrpc":"2.0"}Content-Length: 159

{"method":"$/progress","params":{"token":"backgroundIndexProgress","value":{"message":"4/28","percentage":14.285714285714286,"kind":"report"}},"jsonrpc":"2.0"}Content-Length: 159

{"method":"$/progress","params":{"token":"backgroundIndexProgress","value":{"message":"5/28","percentage":17.857142857142858,"kind":"report"}},"jsonrpc":"2.0"}Content-Length: 159

{"method":"$/progress","params":{"token":"backgroundIndexProgress","value":{"message":"6/28","percentage":21.428571428571427,"kind":"report"}},"jsonrpc":"2.0"}Content-Length: 143

{"method":"$/progress","params":{"token":"backgroundIndexProgress","value":{"message":"7/28","percentage":25,"kind":"report"}},"jsonrpc":"2.0"}Content-Length: 159

{"method":"$/progress","params":{"token":"backgroundIndexProgress","value":{"message":"8/28","percentage":28.571428571428573,"kind":"report"}},"jsonrpc":"2.0"}Content-Length: 159

{"method":"$/progress","params":{"token":"backgroundIndexProgress","value":{"message":"8/28","percentage":28.571428571428573,"kind":"report"}},"jsonrpc":"2.0"}Content-Length: 159

{"method":"$/progress","params":{"token":"backgroundIndexProgress","value":{"message":"9/28","percentage":32.142857142857146,"kind":"report"}},"jsonrpc":"2.0"}Content-Length: 159

{"method":"$/progress","params":{"token":"backgroundIndexProgress","value":{"message":"9/28","percentage":32.142857142857146,"kind":"report"}},"jsonrpc":"2.0"}Content-Length: 160

{"method":"$/progress","params":{"token":"backgroundIndexProgress","value":{"message":"10/28","percentage":35.714285714285715,"kind":"report"}},"jsonrpc":"2.0"}Content-Length: 160

{"method":"$/progress","params":{"token":"backgroundIndexProgress","value":{"message":"10/28","percentage":35.714285714285715,"kind":"report"}},"jsonrpc":"2.0"}Content-Length: 160

{"method":"$/progress","params":{"token":"backgroundIndexProgress","value":{"message":"11/28","percentage":39.285714285714285,"kind":"report"}},"jsonrpc":"2.0"}Content-Length: 160

{"method":"$/progress","params":{"token":"backgroundIndexProgress","value":{"message":"11/28","percentage":39.285714285714285,"kind":"report"}},"jsonrpc":"2.0"}Content-Length: 160

{"method":"$/progress","params":{"token":"backgroundIndexProgress","value":{"message":"12/28","percentage":42.857142857142854,"kind":"report"}},"jsonrpc":"2.0"}Content-Length: 160

{"method":"$/progress","params":{"token":"backgroundIndexProgress","value":{"message":"12/28","percentage":42.857142857142854,"kind":"report"}},"jsonrpc":"2.0"}Content-Length: 159

{"method":"$/progress","params":{"token":"backgroundIndexProgress","value":{"message":"13/28","percentage":46.42857142857143,"kind":"report"}},"jsonrpc":"2.0"}Content-Length: 159

{"method":"$/progress","params":{"token":"backgroundIndexProgress","value":{"message":"13/28","percentage":46.42857142857143,"kind":"report"}},"jsonrpc":"2.0"}Content-Length: 144

{"method":"$/progress","params":{"token":"backgroundIndexProgress","value":{"message":"14/28","percentage":50,"kind":"report"}},"jsonrpc":"2.0"}Content-Length: 144

{"method":"$/progress","params":{"token":"backgroundIndexProgress","value":{"message":"14/28","percentage":50,"kind":"report"}},"jsonrpc":"2.0"}Content-Length: 159

{"method":"$/progress","params":{"token":"backgroundIndexProgress","value":{"message":"15/28","percentage":53.57142857142857,"kind":"report"}},"jsonrpc":"2.0"}Content-Length: 159

{"method":"$/progress","params":{"token":"backgroundIndexProgress","value":{"message":"15/28","percentage":53.57142857142857,"kind":"report"}},"jsonrpc":"2.0"}Content-Length: 160

{"method":"$/progress","params":{"token":"backgroundIndexProgress","value":{"message":"16/28","percentage":57.142857142857146,"kind":"report"}},"jsonrpc":"2.0"}Content-Length: 160

{"method":"$/progress","params":{"token":"backgroundIndexProgress","value":{"message":"16/28","percentage":57.142857142857146,"kind":"report"}},"jsonrpc":"2.0"}Content-Length: 160

{"method":"$/progress","params":{"token":"backgroundIndexProgress","value":{"message":"17/28","percentage":60.714285714285715,"kind":"report"}},"jsonrpc":"2.0"}Content-Length: 160

{"method":"$/progress","params":{"token":"backgroundIndexProgress","value":{"message":"17/28","percentage":60.714285714285715,"kind":"report"}},"jsonrpc":"2.0"}Content-Length: 159

{"method":"$/progress","params":{"token":"backgroundIndexProgress","value":{"message":"18/28","percentage":64.28571428571429,"kind":"report"}},"jsonrpc":"2.0"}Content-Length: 159

{"method":"$/progress","params":{"token":"backgroundIndexProgress","value":{"message":"18/28","percentage":64.28571428571429,"kind":"report"}},"jsonrpc":"2.0"}Content-Length: 159

{"method":"$/progress","params":{"token":"backgroundIndexProgress","value":{"message":"19/28","percentage":67.85714285714286,"kind":"report"}},"jsonrpc":"2.0"}Content-Length: 159

{"method":"$/progress","params":{"token":"backgroundIndexProgress","value":{"message":"19/28","percentage":67.85714285714286,"kind":"report"}},"jsonrpc":"2.0"}Content-Length: 159

{"method":"$/progress","params":{"token":"backgroundIndexProgress","value":{"message":"20/28","percentage":71.42857142857143,"kind":"report"}},"jsonrpc":"2.0"}Content-Length: 144

{"method":"$/progress","params":{"token":"backgroundIndexProgress","value":{"message":"21/28","percentage":75,"kind":"report"}},"jsonrpc":"2.0"}Content-Length: 144

{"method":"$/progress","params":{"token":"backgroundIndexProgress","value":{"message":"21/28","percentage":75,"kind":"report"}},"jsonrpc":"2.0"}Content-Length: 159

{"method":"$/progress","params":{"token":"backgroundIndexProgress","value":{"message":"22/28","percentage":78.57142857142857,"kind":"report"}},"jsonrpc":"2.0"}Content-Length: 159

{"method":"$/progress","params":{"token":"backgroundIndexProgress","value":{"message":"23/28","percentage":82.14285714285714,"kind":"report"}},"jsonrpc":"2.0"}Content-Length: 159

{"method":"$/progress","params":{"token":"backgroundIndexProgress","value":{"message":"24/28","percentage":85.71428571428571,"kind":"report"}},"jsonrpc":"2.0"}Content-Length: 159

{"method":"$/progress","params":{"token":"backgroundIndexProgress","value":{"message":"25/28","percentage":89.28571428571429,"kind":"report"}},"jsonrpc":"2.0"}Content-Length: 159

{"method":"$/progress","params":{"token":"backgroundIndexProgress","value":{"message":"26/28","percentage":92.85714285714286,"kind":"report"}},"jsonrpc":"2.0"}Content-Length: 159

{"method":"$/progress","params":{"token":"backgroundIndexProgress","value":{"message":"27/28","percentage":96.42857142857143,"kind":"report"}},"jsonrpc":"2.0"}Content-Length: 107

{"method":"$/progress","params":{"token":"backgroundIndexProgress","value":{"kind":"end"}},"jsonrpc":"2.0"}
<<<
Content-Length: 58

{"jsonrpc":"2.0","id":5,"method":"shutdown","params":null}
>>>
Content-Length: 38

{"id":5,"result":null,"jsonrpc":"2.0"}
<<<
Content-Length: 47

{"jsonrpc":"2.0","method":"exit","params":null}